Log file open, 10/28/17 13:01:40
LogInit:Display: Running engine for game: projectliane
LogPlatformFile: Not using cached read wrapper
LogInit:Display: RandInit(-29235605) SRandInit(-29235605).
LogTaskGraph: Started task graph with 5 named threads and 8 total threads with 1 sets of task threads.
LogStats: Stats thread started at 0.165591
LogInit: Using libcurl 7.47.1
LogInit:  - built for x86_64-pc-win32
LogInit:  - supports SSL with OpenSSL/1.0.2g
LogInit:  - supports HTTP deflate (compression) using libz 1.2.8
LogInit:  - other features:
LogInit:      CURL_VERSION_SSL
LogInit:      CURL_VERSION_LIBZ
LogInit:      CURL_VERSION_IPV6
LogInit:      CURL_VERSION_ASYNCHDNS
LogInit:      CURL_VERSION_LARGEFILE
LogInit:      CURL_VERSION_IDN
LogInit:  CurlRequestOptions (configurable via config and command line):
LogInit:  - bVerifyPeer = false  - Libcurl will NOT verify peer certificate
LogInit:  - bUseHttpProxy = false  - Libcurl will NOT use HTTP proxy
LogInit:  - bDontReuseConnections = false  - Libcurl will reuse connections
LogInit:  - CertBundlePath = nullptr  - Libcurl will use whatever was configured at build time.
LogInit: Build: ++UE4+Release-4.16-CL-3561208
LogInit: Engine Version: 4.16.3-3561208+++UE4+Release-4.16
LogInit: Compatible Engine Version: 4.16.0-3452394+++UE4+Release-4.16
LogInit: Net CL: 3452394
LogDevObjectVersion: Number of dev versions registered: 16
LogDevObjectVersion:   Dev-Blueprints (B0D832E4-1F89-4F0D-ACCF-7EB736FD4AA2): 9
LogDevObjectVersion:   Dev-Build (E1C64328-A22C-4D53-A36C-8E866417BD8C): 0
LogDevObjectVersion:   Dev-Core (375EC13C-06E4-48FB-B500-84F0262A717E): 2
LogDevObjectVersion:   Dev-Editor (E4B068ED-F494-42E9-A231-DA0B2E46BB41): 17
LogDevObjectVersion:   Dev-Framework (CFFC743F-43B0-4480-9391-14DF171D2073): 23
LogDevObjectVersion:   Dev-Mobile (B02B49B5-BB20-44E9-A304-32B752E40360): 0
LogDevObjectVersion:   Dev-Networking (A4E4105C-59A1-49B5-A7C5-40C4547EDFEE): 0
LogDevObjectVersion:   Dev-Online (39C831C9-5AE6-47DC-9A44-9C173E1C8E7C): 0
LogDevObjectVersion:   Dev-Physics (78F01B33-EBEA-4F98-B9B4-84EACCB95AA2): 0
LogDevObjectVersion:   Dev-Platform (6631380F-2D4D-43E0-8009-CF276956A95A): 0
LogDevObjectVersion:   Dev-Rendering (12F88B9F-8875-4AFC-A67C-D90C383ABD29): 15
LogDevObjectVersion:   Dev-Sequencer (7B5AE74C-D270-4C10-A958-57980B212A5A): 4
LogDevObjectVersion:   Dev-VR (D7296918-1DD6-4BDD-9DE2-64A83CC13884): 0
LogDevObjectVersion:   Dev-LoadTimes (C2A15278-BFE7-4AFE-6C17-90FF531DF755): 1
LogDevObjectVersion:   Private-Geometry (6EACA3D4-40EC-4CC1-B786-8BED09428FC5): 1
LogDevObjectVersion:   Dev-AnimPhys (29E575DD-E0A3-4627-9D10-D276232CDCEA): 3
LogInit: Compiled (64-bit): Jul 28 2017 11:49:47
LogInit: Compiled with Visual C++: 19.00.24215.01
LogInit: Build Configuration: Development
LogInit: Branch Name: ++UE4+Release-4.16
LogInit: Command line: 
LogInit: Base directory: C:/Program Files/Epic Games/UE_4.16/Engine/Binaries/Win64/
LogInit: Installed Engine Build: 1
LogInit: Presizing for max 8388607 objects, including 0 objects not considered by GC, pre-allocating 0 bytes for permanent pool.
LogInit: Object subsystem initialized
[2017.10.28-20.01.40:598][  0]LogInit: Selected Device Profile: [Windows]
[2017.10.28-20.01.40:598][  0]LogInit: Applying CVar settings loaded from the selected device profile: [Windows]
[2017.10.28-20.01.40:923][  0]LogInit: Computer: DESKTOP-7JDBQ6E
[2017.10.28-20.01.40:923][  0]LogInit: User: KalebNekumanesh
[2017.10.28-20.01.40:923][  0]LogInit: CPU Page size=4096, Cores=4
[2017.10.28-20.01.40:923][  0]LogInit: High frequency timer resolution =2.531249 MHz
[2017.10.28-20.01.40:923][  0]LogMemory: Memory total: Physical=7.9GB (8GB approx)
[2017.10.28-20.01.40:923][  0]LogMemory: Platform Memory Stats for Windows
[2017.10.28-20.01.40:923][  0]LogMemory: Process Physical Memory: 273.75 MB used, 273.75 MB peak
[2017.10.28-20.01.40:923][  0]LogMemory: Process Virtual Memory: 260.89 MB used, 260.89 MB peak
[2017.10.28-20.01.40:923][  0]LogMemory: Physical Memory: 4432.02 MB used,  3620.89 MB free, 8052.91 MB total
[2017.10.28-20.01.40:923][  0]LogMemory: Virtual Memory: 638.48 MB used,  3620.89 MB free, 134217728.00 MB total
[2017.10.28-20.01.41:004][  0]LogInit: Using OS detected language (en-US).
[2017.10.28-20.01.41:004][  0]LogInit: Using OS detected locale (en-US).
[2017.10.28-20.01.41:006][  0]LogTextLocalizationManager: No specific localization for 'en-US' exists, so the 'en' localization will be used.
[2017.10.28-20.01.41:978][  0]LogD3D11RHI: D3D11 adapters:
[2017.10.28-20.01.42:695][  0]LogD3D11RHI:    0. 'NVIDIA GeForce GTX 960M' (Feature Level 11_0)
[2017.10.28-20.01.42:695][  0]LogD3D11RHI:       4065/0/4026 MB DedicatedVideo/DedicatedSystem/SharedSystem, Outputs:2, VendorId:0x10de
[2017.10.28-20.01.42:703][  0]LogD3D11RHI:    1. 'Intel(R) HD Graphics 530' (Feature Level 11_0)
[2017.10.28-20.01.42:703][  0]LogD3D11RHI:       128/0/4026 MB DedicatedVideo/DedicatedSystem/SharedSystem, Outputs:0, VendorId:0x8086
[2017.10.28-20.01.42:704][  0]LogD3D11RHI:    2. 'Microsoft Basic Render Driver' (Feature Level 11_0)
[2017.10.28-20.01.42:704][  0]LogD3D11RHI:       0/0/4026 MB DedicatedVideo/DedicatedSystem/SharedSystem, Outputs:0, VendorId:0x1414
[2017.10.28-20.01.42:704][  0]LogD3D11RHI: Chosen D3D11 Adapter: 0
[2017.10.28-20.01.42:712][  0]LogD3D11RHI: Creating new Direct3DDevice
[2017.10.28-20.01.42:712][  0]LogD3D11RHI:     GPU DeviceId: 0x139b (for the marketing name, search the web for "GPU Device Id")
[2017.10.28-20.01.42:712][  0]LogWindows: EnumDisplayDevices:
[2017.10.28-20.01.42:712][  0]LogWindows:    0. 'Intel(R) HD Graphics 530' (P:1 D:1)
[2017.10.28-20.01.42:712][  0]LogWindows:    1. 'Intel(R) HD Graphics 530' (P:0 D:1)
[2017.10.28-20.01.42:712][  0]LogWindows:    2. 'Intel(R) HD Graphics 530' (P:0 D:0)
[2017.10.28-20.01.42:712][  0]LogWindows: DebugString: PrimaryIsNotTheChoosenAdapter PrimaryIsNotTheChoosenAdapter PrimaryIsNotTheChoosenAdapter FoundDriverCount:0 
[2017.10.28-20.01.42:712][  0]LogD3D11RHI:     Adapter Name: NVIDIA GeForce GTX 960M
[2017.10.28-20.01.42:712][  0]LogD3D11RHI:   Driver Version: Unknown (internal:Unknown, unified:Unknown)
[2017.10.28-20.01.42:712][  0]LogD3D11RHI:      Driver Date: Unknown
[2017.10.28-20.01.42:712][  0]LogRHI: Texture pool is 1361 MB (70% of 1945 MB)
[2017.10.28-20.01.43:437][  0]LogD3D11RHI: Async texture creation enabled
[2017.10.28-20.01.43:477][  0]LogD3D11RHI: GPU Timing Frequency: 1000.000000 (Debug: 2 1)
[2017.10.28-20.01.43:478][  0]LogShaderCompilers: Guid format shader working directory is -40 characters bigger than the processId version (../../../../../../Users/Kaleb Nekumanesh/Desktop/ProjectLianeRepository/projectliane/projectliane/Intermediate/Shaders/WorkingDirectory/2656/).
[2017.10.28-20.01.43:479][  0]LogShaderCompilers: Cleaned the shader compiler working directory 'C:/Users/Kaleb Nekumanesh/AppData/Local/Temp/UnrealShaderWorkingDir/346ECE6B4ABC06975EC79ABBE5BDB293/'.
[2017.10.28-20.01.43:479][  0]LogShaderCompilers:Display: Using Local Shader Compiler.
[2017.10.28-20.01.44:703][  0]LogTemp:Display: Loaded TP AllDesktopTargetPlatform
[2017.10.28-20.01.44:769][  0]LogTemp:Display: Loaded TP MacClientTargetPlatform
[2017.10.28-20.01.44:822][  0]LogTemp:Display: Loaded TP MacNoEditorTargetPlatform
[2017.10.28-20.01.44:910][  0]LogTemp:Display: Loaded TP MacServerTargetPlatform
[2017.10.28-20.01.44:967][  0]LogTemp:Display: Loaded TP MacTargetPlatform
[2017.10.28-20.01.45:021][  0]LogTemp:Display: Loaded TP WindowsClientTargetPlatform
[2017.10.28-20.01.45:073][  0]LogTemp:Display: Loaded TP WindowsNoEditorTargetPlatform
[2017.10.28-20.01.45:153][  0]LogTemp:Display: Loaded TP WindowsServerTargetPlatform
[2017.10.28-20.01.45:198][  0]LogTemp:Display: Loaded TP WindowsTargetPlatform
[2017.10.28-20.01.45:246][  0]LogTemp:Display: Loaded TP AndroidTargetPlatform
[2017.10.28-20.01.45:294][  0]LogTemp:Display: Loaded TP Android_ASTCTargetPlatform
[2017.10.28-20.01.45:376][  0]LogTemp:Display: Loaded TP Android_ATCTargetPlatform
[2017.10.28-20.01.45:428][  0]LogTemp:Display: Loaded TP Android_DXTTargetPlatform
[2017.10.28-20.01.45:474][  0]LogTemp:Display: Loaded TP Android_ETC1TargetPlatform
[2017.10.28-20.01.45:520][  0]LogTemp:Display: Loaded TP Android_ETC2TargetPlatform
[2017.10.28-20.01.45:656][  0]LogTemp:Display: Loaded TP Android_MultiTargetPlatform
[2017.10.28-20.01.45:656][  0]LogTemp:Display: Loaded TP Android_PVRTCTargetPlatform
[2017.10.28-20.01.45:697][  0]LogTemp:Display: Loaded TP HTML5TargetPlatform
[2017.10.28-20.01.45:791][  0]LogTemp:Display: Loaded TP IOSTargetPlatform
[2017.10.28-20.01.45:849][  0]LogTemp:Display: Loaded TP TVOSTargetPlatform
[2017.10.28-20.01.45:902][  0]LogTemp:Display: Loaded TP LinuxClientTargetPlatform
[2017.10.28-20.01.45:952][  0]LogTemp:Display: Loaded TP LinuxNoEditorTargetPlatform
[2017.10.28-20.01.46:003][  0]LogTemp:Display: Loaded TP LinuxServerTargetPlatform
[2017.10.28-20.01.46:088][  0]LogTemp:Display: Loaded TP LinuxTargetPlatform
[2017.10.28-20.01.46:088][  0]LogTargetPlatformManager:Display: Building Assets For Windows
[2017.10.28-20.01.46:608][  0]LogDerivedDataCache:Display: Max Cache Size: 512 MB
[2017.10.28-20.01.46:739][  0]LogDerivedDataCache: Loaded boot cache 0.13s 90MB C:/Users/Kaleb Nekumanesh/AppData/Local/UnrealEngine/4.16/DerivedDataCache/Boot.ddc.
[2017.10.28-20.01.46:739][  0]LogDerivedDataCache:Display: Loaded Boot cache: C:/Users/Kaleb Nekumanesh/AppData/Local/UnrealEngine/4.16/DerivedDataCache/Boot.ddc
[2017.10.28-20.01.46:740][  0]LogDerivedDataCache: FDerivedDataBackendGraph:  Pak pak cache file ../../../../../../Users/Kaleb Nekumanesh/Desktop/ProjectLianeRepository/projectliane/projectliane/DerivedDataCache/DDC.ddp not found, will not use a pak cache.
[2017.10.28-20.01.46:740][  0]LogDerivedDataCache: Unable to find inner node Pak for hierarchical cache Hierarchy.
[2017.10.28-20.01.46:740][  0]LogDerivedDataCache: FDerivedDataBackendGraph:  CompressedPak pak cache file ../../../../../../Users/Kaleb Nekumanesh/Desktop/ProjectLianeRepository/projectliane/projectliane/DerivedDataCache/Compressed.ddp not found, will not use a pak cache.
[2017.10.28-20.01.46:740][  0]LogDerivedDataCache: Unable to find inner node CompressedPak for hierarchical cache Hierarchy.
[2017.10.28-20.01.46:757][  0]LogDerivedDataCache:Display: Pak cache opened for reading ../../../Engine/DerivedDataCache/Compressed.ddp.
[2017.10.28-20.01.46:770][  0]LogDerivedDataCache: Using Local data cache path C:/Users/Kaleb Nekumanesh/AppData/Local/UnrealEngine/Common/DerivedDataCache: Writable
[2017.10.28-20.01.46:780][  0]LogMaterial: Verifying Global Shaders for PCD3D_SM5
[2017.10.28-20.01.46:780][  0]LogSlate: Using Freetype 2.6.0
[2017.10.28-20.01.46:782][  0]LogSlate: SlateFontCache - WITH_FREETYPE: 1, WITH_HARFBUZZ: 1
[2017.10.28-20.01.46:782][  0]LogSlate: SlateFontCache - WITH_FREETYPE: 1, WITH_HARFBUZZ: 1
[2017.10.28-20.01.47:482][  0]LogInit: Selected Device Profile: [Windows]
[2017.10.28-20.01.47:583][  0]LogContentStreaming: Texture pool size is 0.00 MB
[2017.10.28-20.01.47:846][  0]LogMeshUtilities: Using QuadricMeshReduction for automatic static mesh reduction
[2017.10.28-20.01.47:993][  0]LogSimplygon: Simplygon DLL not present - disabling.
[2017.10.28-20.01.48:058][  0]LogMeshUtilities: Using SimplygonSwarm for distributed automatic mesh merging
[2017.10.28-20.01.48:058][  0]LogMeshUtilities: No automatic skeletal mesh reduction module available
[2017.10.28-20.01.48:058][  0]LogMeshUtilities: No automatic mesh merging module available
[2017.10.28-20.01.48:719][  0]LogNetVersion: projectliane , NetCL: 3452394, EngineNetVer: 2, GameNetVer: 0 (Checksum: 3551988686)
[2017.10.28-20.01.48:797][  0]LogAssetRegistry: FAssetRegistry took 0.0280 seconds to start up
[2017.10.28-20.01.48:902][  0]LogPackageLocalizationCache: Processed 4 localized package path(s) for 2 prioritized culture(s) in 0.074135 seconds
[2017.10.28-20.01.48:912][  0]LogUObjectArray: 34194 objects as part of root set at end of initial load.
[2017.10.28-20.01.48:912][  0]LogUObjectAllocator: 7260424 out of 0 bytes used by permanent object pool.
[2017.10.28-20.01.48:912][  0]LogUObjectArray: CloseDisregardForGC: 0/0 objects in disregard for GC pool
[2017.10.28-20.01.48:984][  0]LogInit: WinSock: version 1.1 (2.2), MaxSocks=32767, MaxUdp=65467
[2017.10.28-20.01.51:983][  0]LogTcpMessaging: Initializing TcpMessaging bridge
[2017.10.28-20.01.52:035][  0]LogUdpMessaging: Initializing bridge on interface 0.0.0.0:0 to multicast group 230.0.0.1:6666.
[2017.10.28-20.01.52:628][  0]LogMaterial: Uniform references updated for custom material expression Custom.
[2017.10.28-20.01.53:067][  0]SourceControl: Info Source control is disabled
[2017.10.28-20.01.53:068][  0]SourceControl: Info Source control is disabled
[2017.10.28-20.01.53:117][  0]SourceControl: Info Source control is disabled
[2017.10.28-20.01.53:164][  0]SourceControl: Info Source control is disabled
[2017.10.28-20.01.53:897][  0]LogAndroidPermission: UAndroidPermissionCallbackProxy::GetInstance
[2017.10.28-20.01.54:695][  0]LogEngine: Initializing Engine...
[2017.10.28-20.01.54:696][  0]LogHMD: Failed to initialize OpenVR with code 110
[2017.10.28-20.01.55:003][  0]LogStats: UGameplayTagsManager::ConstructGameplayTagTree: Construct from data asset -  0.000 s
[2017.10.28-20.01.55:003][  0]LogStats: UGameplayTagsManager::ConstructGameplayTagTree: GameplayTagTreeChangedEvent.Broadcast -  0.000 s
[2017.10.28-20.01.55:182][  0]LogAIModule: Creating AISystem for world Untitled
[2017.10.28-20.01.55:195][  0]LogInit: XAudio2 using 'Speakers / Headphones (Realtek High Definition Audio)' : 2 channels at 48 kHz using 32 bits per sample (channel mask 0x3)
[2017.10.28-20.01.55:592][  0]LogInit: FAudioDevice initialized.
[2017.10.28-20.01.55:668][  0]LogDerivedDataCache: Saved boot cache 0.08s 90MB C:/Users/Kaleb Nekumanesh/AppData/Local/UnrealEngine/4.16/DerivedDataCache/Boot.ddc.
[2017.10.28-20.01.55:697][  0]LogInit: Texture streaming: Enabled
[2017.10.28-20.01.55:830][  0]LogEngineSessionManager: EngineSessionManager initialized
[2017.10.28-20.01.56:407][  0]LogInit: Transaction tracking system initialized
[2017.10.28-20.01.56:797][  0]BlueprintLog: New page: Editor Load
[2017.10.28-20.01.57:889][  0]LocalizationService: Info Localization service is disabled
[2017.10.28-20.01.58:690][  0]LogConsoleResponse:Display: 
[2017.10.28-20.02.00:851][  0]LogFileCache: Scanning file cache for directory 'C:/Users/Kaleb Nekumanesh/Desktop/ProjectLianeRepository/projectliane/projectliane/Content/' took 0.03s
[2017.10.28-20.02.00:851][  0]LogCook:Display: Max memory allowance for cook 16384mb min free memory 0mb
[2017.10.28-20.02.00:851][  0]LogCook:Display: Mobile HDR setting 1
[2017.10.28-20.02.01:918][  0]SourceControl: Info Source control is disabled
[2017.10.28-20.02.02:460][  0]LightingResults: New page: Lighting Build
[2017.10.28-20.02.02:504][  0]MapCheck: New page: Map Check
[2017.10.28-20.02.02:504][  0]LightingResults: New page: Lighting Build
[2017.10.28-20.02.21:881][  0]LogBlueprint:Warning: [Compiler BP_PhotoPawn] Warning InputAction Event references unknown Action 'ToggleFocusForAdjustmentsWidget' for  InputAction ToggleFocusForAdjustmentsWidget
[2017.10.28-20.02.21:882][  0]LogBlueprint:Warning: [Compiler BP_PhotoPawn] Warning InputAction Event references unknown Action 'ToggleAdjustmentsWidget' for  InputAction ToggleAdjustmentsWidget
[2017.10.28-20.02.21:883][  0]LogBlueprint:Warning: [Compiler BP_PhotoPawn] Warning Input Axis Event references unknown Axis 'MoveUp' for  InputAxis MoveUp
[2017.10.28-20.02.21:889][  0]LogBlueprint:Warning: [Compiler BP_PhotoPawn] Warning [0047.63] Compile of BP_PhotoPawn successful, but with 3 Warning(s) [in 185 ms] (/Game/PhotoMode/Blueprints/BP_PhotoPawn.BP_PhotoPawn)
[2017.10.28-20.02.21:944][  0]LogBlueprint:Warning: [Compiler BP_PhotoPawn] Warning [0047.68] Compile of BP_PhotoPawn successful, but with 4 Warning(s) [in 55 ms] (/Game/PhotoMode/Blueprints/BP_PhotoPawn.BP_PhotoPawn)
[2017.10.28-20.02.21:944][  0]LogBlueprint:Warning: [Compiler BP_PhotoPawn] Warning [0047.69] Compile of BP_PhotoPawn successful, but with 5 Warning(s) [in 0 ms] (/Game/PhotoMode/Blueprints/BP_PhotoPawn.BP_PhotoPawn)
[2017.10.28-20.02.22:024][  0]LogBlueprint:Warning: [Compiler BP_PhotoPawn] Warning InputAction Event references unknown Action 'ToggleFocusForAdjustmentsWidget' for  InputAction ToggleFocusForAdjustmentsWidget
[2017.10.28-20.02.22:025][  0]LogBlueprint:Warning: [Compiler BP_PhotoPawn] Warning InputAction Event references unknown Action 'ToggleAdjustmentsWidget' for  InputAction ToggleAdjustmentsWidget
[2017.10.28-20.02.22:026][  0]LogBlueprint:Warning: [Compiler BP_PhotoPawn] Warning Input Axis Event references unknown Axis 'MoveUp' for  InputAxis MoveUp
[2017.10.28-20.02.22:032][  0]LogBlueprint:Warning: [Compiler BP_PhotoPawn] Warning [0047.77] Compile of BP_PhotoPawn successful, but with 3 Warning(s) [in 13 ms] (/Game/PhotoMode/Blueprints/BP_PhotoPawn.BP_PhotoPawn)
[2017.10.28-20.02.22:032][  0]LogBlueprint:Warning: [Compiler BP_PhotoPawn] Warning [0047.77] Compile of BP_PhotoPawn successful, but with 4 Warning(s) [in 0 ms] (/Game/PhotoMode/Blueprints/BP_PhotoPawn.BP_PhotoPawn)
[2017.10.28-20.02.22:035][  0]LogBlueprint:Warning: [Compiler BP_PhotoPawn] Warning [0047.78] Compile of BP_PhotoPawn successful, but with 5 Warning(s) [in 2 ms] (/Game/PhotoMode/Blueprints/BP_PhotoPawn.BP_PhotoPawn)
[2017.10.28-20.02.29:029][  0]LogBlueprint:Warning: [Compiler ThirdPersonCharacter] Warning InputAction Event references unknown Action 'PhotoMode' for  InputAction PhotoMode
[2017.10.28-20.02.29:078][  0]LogBlueprint:Warning: [Compiler ThirdPersonCharacter] Warning Selected override setting on  Focal Region  in  ThirdPersonCharacter  is no longer a supported workflow and it is advised that you refactor your Blueprint to not use it!
[2017.10.28-20.02.29:078][  0]LogBlueprint:Warning: [Compiler ThirdPersonCharacter] Warning Selected override setting on  Focal Region  in  ThirdPersonCharacter  is no longer a supported workflow and it is advised that you refactor your Blueprint to not use it!
[2017.10.28-20.02.29:081][  0]LogBlueprint:Warning: [Compiler ThirdPersonCharacter] Warning [0054.82] Compile of ThirdPersonCharacter successful, but with 3 Warning(s) [in 279 ms] (/Game/ThirdPersonBP/Blueprints/ThirdPersonCharacter.ThirdPersonCharacter)
[2017.10.28-20.02.29:081][  0]LogBlueprint:Warning: [Compiler ThirdPersonCharacter] Warning [0054.82] Compile of ThirdPersonCharacter successful, but with 4 Warning(s) [in 0 ms] (/Game/ThirdPersonBP/Blueprints/ThirdPersonCharacter.ThirdPersonCharacter)
[2017.10.28-20.02.29:081][  0]LogBlueprint:Warning: [Compiler ThirdPersonCharacter] Warning [0054.82] Compile of ThirdPersonCharacter successful, but with 5 Warning(s) [in 0 ms] (/Game/ThirdPersonBP/Blueprints/ThirdPersonCharacter.ThirdPersonCharacter)
[2017.10.28-20.02.29:360][  0]LogBlueprint:Warning: [Compiler ThirdPersonCharacter] Warning InputAction Event references unknown Action 'PhotoMode' for  InputAction PhotoMode
[2017.10.28-20.02.29:372][  0]LogBlueprint:Warning: [Compiler ThirdPersonCharacter] Warning Selected override setting on  Focal Region  in  ThirdPersonCharacter  is no longer a supported workflow and it is advised that you refactor your Blueprint to not use it!
[2017.10.28-20.02.29:372][  0]LogBlueprint:Warning: [Compiler ThirdPersonCharacter] Warning Selected override setting on  Focal Region  in  ThirdPersonCharacter  is no longer a supported workflow and it is advised that you refactor your Blueprint to not use it!
[2017.10.28-20.02.29:375][  0]LogBlueprint:Warning: [Compiler ThirdPersonCharacter] Warning [0055.12] Compile of ThirdPersonCharacter successful, but with 3 Warning(s) [in 37 ms] (/Game/ThirdPersonBP/Blueprints/ThirdPersonCharacter.ThirdPersonCharacter)
[2017.10.28-20.02.29:375][  0]LogBlueprint:Warning: [Compiler ThirdPersonCharacter] Warning [0055.12] Compile of ThirdPersonCharacter successful, but with 4 Warning(s) [in 0 ms] (/Game/ThirdPersonBP/Blueprints/ThirdPersonCharacter.ThirdPersonCharacter)
[2017.10.28-20.02.29:375][  0]LogBlueprint:Warning: [Compiler ThirdPersonCharacter] Warning [0055.12] Compile of ThirdPersonCharacter successful, but with 5 Warning(s) [in 0 ms] (/Game/ThirdPersonBP/Blueprints/ThirdPersonCharacter.ThirdPersonCharacter)
[2017.10.28-20.02.40:537][  0]LogAIModule: Creating AISystem for world ThirdPersonExampleMap
[2017.10.28-20.02.43:370][  0]LogScript:Warning: Accessed None trying to read property CallFunc_GetPlayerCharacter_ReturnValue
	Liane3rdAnim_C /Game/ThirdPersonBP/Maps/ThirdPersonExampleMap.ThirdPersonExampleMap:PersistentLevel.ThirdPersonCharacter_167.CharacterMesh0.Liane3rdAnim_C_0
	Function /Game/character/Liane3rdAnim.Liane3rdAnim_C:ExecuteUbergraph_Liane3rdAnim:0081
[2017.10.28-20.02.44:329][  0]LogEditorServer: Finished looking for orphan Actors (0.000 secs)
[2017.10.28-20.02.44:525][  0]Cmd: MAP CHECKDEP NOCLEARLOG
[2017.10.28-20.02.44:617][  0]MapCheck: Info Map check complete: 0 Error(s), 0 Warning(s), took 91.618ms to complete.
[2017.10.28-20.02.44:617][  0]LogFileHelpers: Loading map 'ThirdPersonExampleMap' took 42.698
[2017.10.28-20.02.47:882][  0]LogCollectionManager: Loaded 0 collections in 0.001697 seconds
[2017.10.28-20.02.48:374][  0]LogFileCache: Scanning file cache for directory 'C:/Users/Kaleb Nekumanesh/Desktop/ProjectLianeRepository/projectliane/projectliane/Saved/Collections/' took 0.01s
[2017.10.28-20.02.48:374][  0]LogFileCache: Scanning file cache for directory 'C:/Users/Kaleb Nekumanesh/Desktop/ProjectLianeRepository/projectliane/projectliane/Content/Developers/KalebNekumanesh/Collections/' took 0.01s
[2017.10.28-20.02.48:374][  0]LogFileCache: Scanning file cache for directory 'C:/Users/Kaleb Nekumanesh/Desktop/ProjectLianeRepository/projectliane/projectliane/Content/Collections/' took 0.01s
[2017.10.28-20.02.48:374][  0]LogCollectionManager: Rebuilt the GUID cache for 0 collections in 0.000003 seconds
[2017.10.28-20.02.48:391][  0]LogContentBrowser: Native class hierarchy populated in 0.0126 seconds. Added 2330 classes and 493 folders.
[2017.10.28-20.02.48:832][  0]LogContentBrowser: Native class hierarchy updated for 'WidgetCarousel' in 0.0006 seconds. Added 0 classes and 0 folders.
[2017.10.28-20.02.53:063][  0]LogContentBrowser: Native class hierarchy updated for 'AddContentDialog' in 0.0005 seconds. Added 0 classes and 0 folders.
[2017.10.28-20.02.57:291][  0]LogCrashTracker: Crashtracker disabled due to settings.
[2017.10.28-20.02.57:666][  0]LogSlate: Took 0.000373 seconds to synchronously load lazily loaded font '../../../Engine/Content/Slate/Fonts/Roboto-Regular.ttf' (155K)
[2017.10.28-20.02.57:768][  0]LogSlate: Took 0.046338 seconds to synchronously load lazily loaded font '../../../Engine/Content/Editor/Slate/Fonts/FontAwesome.ttf' (139K)
[2017.10.28-20.02.57:769][  0]LogSlate: Took 0.000157 seconds to synchronously load lazily loaded font '../../../Engine/Content/Slate/Fonts/Roboto-Bold.ttf' (160K)
[2017.10.28-20.02.57:938][  0]LogSlate: Took 0.038086 seconds to synchronously load lazily loaded font '../../../Engine/Content/Slate/Fonts/Roboto-Light.ttf' (159K)
[2017.10.28-20.02.58:696][  0]LogRenderer: Reallocating scene render targets to support 736x720 NumSamples 1 (Frame:1).
[2017.10.28-20.03.00:766][  0]LogUObjectGlobals:Warning: Failed to find object 'Class None.'
[2017.10.28-20.03.01:147][  0]LogContentBrowser: Native class hierarchy updated for 'HierarchicalLODOutliner' in 0.0005 seconds. Added 1 classes and 2 folders.
[2017.10.28-20.03.01:148][  0]LogLoad: (Engine Initialization) Total time: 86.89 seconds
[2017.10.28-20.03.01:148][  0]LogLoad: (Engine Initialization) Total Blueprint compile time: 8.05 seconds
[2017.10.28-20.03.01:148][  0]LogExternalProfiler: Found external profiler: VSPerf
[2017.10.28-20.03.01:148][  0]LogExternalProfiler: Using external profiler: VSPerf
[2017.10.28-20.03.01:487][  0]LogWindowsTextInputMethodSystem:Display: IME system now deactivated.
[2017.10.28-20.03.01:494][  0]LogOcInput: OculusInput pre-init called
[2017.10.28-20.03.01:494][  0]LogHMD: Starting GearVRController plugin
[2017.10.28-20.03.01:570][  0]LogContentStreaming: Texture pool size now 3000 MB
[2017.10.28-20.03.13:896][152]LogSlate: Only BGRA pngs, bmps or icos are supported in by External Image Picker
[2017.10.28-20.03.14:283][152]LogTemp: Executing iPhonePackager certificates Engine -bundlename com.YourCompany.projectliane
[2017.10.28-20.03.23:700][709]LogAssetRegistry: Asset discovery search completed in 94.9258 seconds
[2017.10.28-20.03.23:703][709]LogCollectionManager: Rebuilt the object cache for 0 collections in 0.000000 seconds (found 0 objects)
[2017.10.28-20.03.23:703][709]LogCollectionManager: Fixed up redirectors for 0 collections in 0.000038 seconds (updated 0 objects)
[2017.10.28-20.04.37:807][ 76]LogSlate: Took 0.000193 seconds to synchronously load lazily loaded font '../../../Engine/Content/Slate/Fonts/Roboto-Light.ttf' (159K)
[2017.10.28-20.04.38:613][ 76]LogBlueprint:Warning: [Compiler BP_PhotoPawn] Warning InputAction Event references unknown Action 'ToggleFocusForAdjustmentsWidget' for  InputAction ToggleFocusForAdjustmentsWidget
[2017.10.28-20.04.38:613][ 76]LogBlueprint:Warning: [Compiler BP_PhotoPawn] Warning InputAction Event references unknown Action 'ToggleAdjustmentsWidget' for  InputAction ToggleAdjustmentsWidget
[2017.10.28-20.04.38:614][ 76]LogBlueprint:Warning: [Compiler BP_PhotoPawn] Warning Input Axis Event references unknown Axis 'MoveUp' for  InputAxis MoveUp
[2017.10.28-20.04.38:619][ 76]LogBlueprint:Warning: [Compiler BP_PhotoPawn] Warning [0184.36] Compile of BP_PhotoPawn successful, but with 3 Warning(s) [in 12 ms] (/Game/Blueprints/BP_PhotoPawn.BP_PhotoPawn)
[2017.10.28-20.04.38:622][ 76]LogBlueprint:Warning: [Compiler BP_PhotoPawn] Warning [0184.36] Compile of BP_PhotoPawn successful, but with 4 Warning(s) [in 2 ms] (/Game/Blueprints/BP_PhotoPawn.BP_PhotoPawn)
[2017.10.28-20.04.38:622][ 76]LogBlueprint:Warning: [Compiler BP_PhotoPawn] Warning [0184.36] Compile of BP_PhotoPawn successful, but with 5 Warning(s) [in 0 ms] (/Game/Blueprints/BP_PhotoPawn.BP_PhotoPawn)
[2017.10.28-20.04.38:700][ 76]LogBlueprint:Warning: [Compiler BP_PhotoPawn] Warning InputAction Event references unknown Action 'ToggleFocusForAdjustmentsWidget' for  InputAction ToggleFocusForAdjustmentsWidget
[2017.10.28-20.04.38:701][ 76]LogBlueprint:Warning: [Compiler BP_PhotoPawn] Warning InputAction Event references unknown Action 'ToggleAdjustmentsWidget' for  InputAction ToggleAdjustmentsWidget
[2017.10.28-20.04.38:702][ 76]LogBlueprint:Warning: [Compiler BP_PhotoPawn] Warning Input Axis Event references unknown Axis 'MoveUp' for  InputAxis MoveUp
[2017.10.28-20.04.38:707][ 76]LogBlueprint:Warning: [Compiler BP_PhotoPawn] Warning [0184.45] Compile of BP_PhotoPawn successful, but with 3 Warning(s) [in 12 ms] (/Game/Blueprints/BP_PhotoPawn.BP_PhotoPawn)
[2017.10.28-20.04.38:707][ 76]LogBlueprint:Warning: [Compiler BP_PhotoPawn] Warning [0184.45] Compile of BP_PhotoPawn successful, but with 4 Warning(s) [in 0 ms] (/Game/Blueprints/BP_PhotoPawn.BP_PhotoPawn)
[2017.10.28-20.04.38:710][ 76]LogBlueprint:Warning: [Compiler BP_PhotoPawn] Warning [0184.45] Compile of BP_PhotoPawn successful, but with 5 Warning(s) [in 2 ms] (/Game/Blueprints/BP_PhotoPawn.BP_PhotoPawn)
[2017.10.28-20.04.38:711][ 76]LogSlate: Took 0.000192 seconds to synchronously load lazily loaded font '../../../Engine/Content/Slate/Fonts/Roboto-Regular.ttf' (155K)
[2017.10.28-20.04.38:862][ 76]LogBlueprint:Warning: [Compiler ThirdPersonCharacter] Warning InputAction Event references unknown Action 'PhotoMode' for  InputAction PhotoMode
[2017.10.28-20.04.38:874][ 76]LogBlueprint:Warning: [Compiler ThirdPersonCharacter] Warning Selected override setting on  Focal Region  in  ThirdPersonCharacter  is no longer a supported workflow and it is advised that you refactor your Blueprint to not use it!
[2017.10.28-20.04.38:874][ 76]LogBlueprint:Warning: [Compiler ThirdPersonCharacter] Warning Selected override setting on  Focal Region  in  ThirdPersonCharacter  is no longer a supported workflow and it is advised that you refactor your Blueprint to not use it!
[2017.10.28-20.04.38:874][ 76]LogBlueprint:Warning: [Compiler ThirdPersonCharacter] Warning Selected override setting on  Focal Region  in  ThirdPersonCharacter  is no longer a supported workflow and it is advised that you refactor your Blueprint to not use it!
[2017.10.28-20.04.38:877][ 76]LogBlueprint:Warning: [Compiler ThirdPersonCharacter] Warning [0184.62] Compile of ThirdPersonCharacter successful, but with 4 Warning(s) [in 29 ms] (/Game/Blueprints/ThirdPersonCharacter.ThirdPersonCharacter)
[2017.10.28-20.04.38:877][ 76]LogBlueprint:Warning: [Compiler ThirdPersonCharacter] Warning [0184.62] Compile of ThirdPersonCharacter successful, but with 5 Warning(s) [in 0 ms] (/Game/Blueprints/ThirdPersonCharacter.ThirdPersonCharacter)
[2017.10.28-20.04.38:877][ 76]LogBlueprint:Warning: [Compiler ThirdPersonCharacter] Warning [0184.62] Compile of ThirdPersonCharacter successful, but with 6 Warning(s) [in 0 ms] (/Game/Blueprints/ThirdPersonCharacter.ThirdPersonCharacter)
[2017.10.28-20.04.38:904][ 76]LogBlueprint:Warning: [Compiler ThirdPersonCharacter] Warning InputAction Event references unknown Action 'PhotoMode' for  InputAction PhotoMode
[2017.10.28-20.04.38:914][ 76]LogBlueprint:Warning: [Compiler ThirdPersonCharacter] Warning Selected override setting on  Focal Region  in  ThirdPersonCharacter  is no longer a supported workflow and it is advised that you refactor your Blueprint to not use it!
[2017.10.28-20.04.38:915][ 76]LogBlueprint:Warning: [Compiler ThirdPersonCharacter] Warning Selected override setting on  Focal Region  in  ThirdPersonCharacter  is no longer a supported workflow and it is advised that you refactor your Blueprint to not use it!
[2017.10.28-20.04.38:915][ 76]LogBlueprint:Warning: [Compiler ThirdPersonCharacter] Warning Selected override setting on  Focal Region  in  ThirdPersonCharacter  is no longer a supported workflow and it is advised that you refactor your Blueprint to not use it!
[2017.10.28-20.04.38:919][ 76]LogBlueprint:Warning: [Compiler ThirdPersonCharacter] Warning [0184.66] Compile of ThirdPersonCharacter successful, but with 4 Warning(s) [in 29 ms] (/Game/Blueprints/ThirdPersonCharacter.ThirdPersonCharacter)
[2017.10.28-20.04.38:919][ 76]LogBlueprint:Warning: [Compiler ThirdPersonCharacter] Warning [0184.66] Compile of ThirdPersonCharacter successful, but with 5 Warning(s) [in 0 ms] (/Game/Blueprints/ThirdPersonCharacter.ThirdPersonCharacter)
[2017.10.28-20.04.38:919][ 76]LogBlueprint:Warning: [Compiler ThirdPersonCharacter] Warning [0184.66] Compile of ThirdPersonCharacter successful, but with 6 Warning(s) [in 0 ms] (/Game/Blueprints/ThirdPersonCharacter.ThirdPersonCharacter)
[2017.10.28-20.04.38:955][ 76]LogLinker:Warning: Can't find file '/Game/Freebie_01/Models/FBX/Awning_A'
[2017.10.28-20.04.38:955][ 76]LogLinker:Warning: Can't find file for asset '/Game/Freebie_01/Models/FBX/Awning_A' while loading ../../../../../../Users/Kaleb Nekumanesh/Desktop/ProjectLianeRepository/projectliane/projectliane/Content/Assets/Materials/Awning_mat.uasset.
[2017.10.28-20.04.38:955][ 76]LoadErrors:Error: Error /Game/Assets/Materials/Awning_mat : Can't find file for asset. /Game/Freebie_01/Models/FBX/Awning_A
[2017.10.28-20.04.38:955][ 76]LogLinker:Warning: Can't find file '/Game/Freebie_01/Models/FBX/Awning_A'
[2017.10.28-20.04.38:955][ 76]LogLinker:Warning: Can't find file for asset '/Game/Freebie_01/Models/FBX/Awning_A' while loading ../../../../../../Users/Kaleb Nekumanesh/Desktop/ProjectLianeRepository/projectliane/projectliane/Content/Assets/Materials/Awning_mat.uasset.
[2017.10.28-20.04.39:069][ 76]LogLinker:Warning: Can't find file '/Game/Freebie_01/Models/FBX/Awning_A'
[2017.10.28-20.04.39:070][ 76]LoadErrors: Info Failed to load /Game/Freebie_01/Models/FBX/Awning_A.Awning_A Referenced by MaterialExpressionTextureSample_0
[2017.10.28-20.04.39:070][ 76]LogLinker:Warning: Can't find file for asset '/Game/Freebie_01/Models/FBX/Awning_A' while loading NULL.
[2017.10.28-20.04.41:423][ 76]LogMaterial: Missing cached shader map for material Awning_mat, compiling. 
[2017.10.28-20.04.41:454][ 76]LogMaterial:Warning: Failed to compile Material /Game/Assets/Materials/Awning_mat.Awning_mat for platform PCD3D_SM5, Default Material will be used in game.
[2017.10.28-20.04.41:454][ 76]LogMaterial:Warning: 	(Node TextureSample) Texture Sample> Missing input texture
[2017.10.28-20.04.41:455][ 76]LogAIModule: Creating AISystem for world INRF
[2017.10.28-20.04.41:664][ 76]LogScript:Warning: Accessed None trying to read property CallFunc_CreateDynamicMaterialInstance_ReturnValue
	Dynamic_TronGlow_Blueprint_C /Game/INRF.INRF:PersistentLevel.Dynamic_TronGlow_Blueprint_2
	Function /Game/Blueprints/Dynamic_TronGlow_Blueprint.Dynamic_TronGlow_Blueprint_C:UserConstructionScript:01A5
[2017.10.28-20.05.44:136][784]LogSlate: Took 0.000211 seconds to synchronously load lazily loaded font '../../../Engine/Content/Slate/Fonts/Roboto-Light.ttf' (159K)
