Log file open, 12/20/17 13:26:14
LogInit:Display: Running engine for game: projectliane
LogPlatformFile: Not using cached read wrapper
LogInit:Display: RandInit(1236464910) SRandInit(1236464910).
LogTaskGraph: Started task graph with 5 named threads and 8 total threads with 1 sets of task threads.
LogStats: Stats thread started at 0.075709
LogInit: Using libcurl 7.47.1
LogInit:  - built for x86_64-pc-win32
LogInit:  - supports SSL with OpenSSL/1.0.2g
LogInit:  - supports HTTP deflate (compression) using libz 1.2.8
LogInit:  - other features:
LogInit:      CURL_VERSION_SSL
LogInit:      CURL_VERSION_LIBZ
LogInit:      CURL_VERSION_IPV6
LogInit:      CURL_VERSION_ASYNCHDNS
LogInit:      CURL_VERSION_LARGEFILE
LogInit:      CURL_VERSION_IDN
LogInit:  CurlRequestOptions (configurable via config and command line):
LogInit:  - bVerifyPeer = false  - Libcurl will NOT verify peer certificate
LogInit:  - bUseHttpProxy = false  - Libcurl will NOT use HTTP proxy
LogInit:  - bDontReuseConnections = false  - Libcurl will reuse connections
LogInit:  - CertBundlePath = nullptr  - Libcurl will use whatever was configured at build time.
LogInit: Build: ++UE4+Release-4.16-CL-3561208
LogInit: Engine Version: 4.16.3-3561208+++UE4+Release-4.16
LogInit: Compatible Engine Version: 4.16.0-3452394+++UE4+Release-4.16
LogInit: Net CL: 3452394
LogDevObjectVersion: Number of dev versions registered: 16
LogDevObjectVersion:   Dev-Blueprints (B0D832E4-1F89-4F0D-ACCF-7EB736FD4AA2): 9
LogDevObjectVersion:   Dev-Build (E1C64328-A22C-4D53-A36C-8E866417BD8C): 0
LogDevObjectVersion:   Dev-Core (375EC13C-06E4-48FB-B500-84F0262A717E): 2
LogDevObjectVersion:   Dev-Editor (E4B068ED-F494-42E9-A231-DA0B2E46BB41): 17
LogDevObjectVersion:   Dev-Framework (CFFC743F-43B0-4480-9391-14DF171D2073): 23
LogDevObjectVersion:   Dev-Mobile (B02B49B5-BB20-44E9-A304-32B752E40360): 0
LogDevObjectVersion:   Dev-Networking (A4E4105C-59A1-49B5-A7C5-40C4547EDFEE): 0
LogDevObjectVersion:   Dev-Online (39C831C9-5AE6-47DC-9A44-9C173E1C8E7C): 0
LogDevObjectVersion:   Dev-Physics (78F01B33-EBEA-4F98-B9B4-84EACCB95AA2): 0
LogDevObjectVersion:   Dev-Platform (6631380F-2D4D-43E0-8009-CF276956A95A): 0
LogDevObjectVersion:   Dev-Rendering (12F88B9F-8875-4AFC-A67C-D90C383ABD29): 15
LogDevObjectVersion:   Dev-Sequencer (7B5AE74C-D270-4C10-A958-57980B212A5A): 4
LogDevObjectVersion:   Dev-VR (D7296918-1DD6-4BDD-9DE2-64A83CC13884): 0
LogDevObjectVersion:   Dev-LoadTimes (C2A15278-BFE7-4AFE-6C17-90FF531DF755): 1
LogDevObjectVersion:   Private-Geometry (6EACA3D4-40EC-4CC1-B786-8BED09428FC5): 1
LogDevObjectVersion:   Dev-AnimPhys (29E575DD-E0A3-4627-9D10-D276232CDCEA): 3
LogInit: Compiled (64-bit): Jul 28 2017 11:49:47
LogInit: Compiled with Visual C++: 19.00.24215.01
LogInit: Build Configuration: Development
LogInit: Branch Name: ++UE4+Release-4.16
LogInit: Command line: -EpicPortal 
LogInit: Base directory: F:/UE_4.16/Engine/Binaries/Win64/
LogInit: Installed Engine Build: 1
LogInit: Presizing for max 8388607 objects, including 0 objects not considered by GC, pre-allocating 0 bytes for permanent pool.
LogInit: Object subsystem initialized
[2017.12.20-21.26.14:613][  0]LogInit: Selected Device Profile: [Windows]
[2017.12.20-21.26.14:613][  0]LogInit: Applying CVar settings loaded from the selected device profile: [Windows]
[2017.12.20-21.26.14:629][  0]LogInit: Computer: DREAM3D
[2017.12.20-21.26.14:629][  0]LogInit: User: 3DGuru
[2017.12.20-21.26.14:629][  0]LogInit: CPU Page size=4096, Cores=4
[2017.12.20-21.26.14:629][  0]LogInit: High frequency timer resolution =4.101556 MHz
[2017.12.20-21.26.14:629][  0]LogMemory: Memory total: Physical=15.9GB (16GB approx)
[2017.12.20-21.26.14:629][  0]LogMemory: Platform Memory Stats for Windows
[2017.12.20-21.26.14:629][  0]LogMemory: Process Physical Memory: 273.18 MB used, 273.18 MB peak
[2017.12.20-21.26.14:629][  0]LogMemory: Process Virtual Memory: 260.76 MB used, 260.76 MB peak
[2017.12.20-21.26.14:629][  0]LogMemory: Physical Memory: 3841.32 MB used,  12475.79 MB free, 16317.11 MB total
[2017.12.20-21.26.14:629][  0]LogMemory: Virtual Memory: 671.53 MB used,  12475.79 MB free, 134217728.00 MB total
[2017.12.20-21.26.14:667][  0]LogInit: Using OS detected language (en-US).
[2017.12.20-21.26.14:667][  0]LogInit: Using OS detected locale (en-US).
[2017.12.20-21.26.14:669][  0]LogTextLocalizationManager: No specific localization for 'en-US' exists, so the 'en' localization will be used.
[2017.12.20-21.26.15:301][  0]LogD3D11RHI: D3D11 adapters:
[2017.12.20-21.26.15:323][  0]LogD3D11RHI:    0. 'NVIDIA GeForce GTX 960' (Feature Level 11_0)
[2017.12.20-21.26.15:323][  0]LogD3D11RHI:       4062/0/8158 MB DedicatedVideo/DedicatedSystem/SharedSystem, Outputs:2, VendorId:0x10de
[2017.12.20-21.26.15:324][  0]LogD3D11RHI:    1. 'Microsoft Basic Render Driver' (Feature Level 11_0)
[2017.12.20-21.26.15:324][  0]LogD3D11RHI:       0/0/8158 MB DedicatedVideo/DedicatedSystem/SharedSystem, Outputs:0, VendorId:0x1414
[2017.12.20-21.26.15:324][  0]LogD3D11RHI: Chosen D3D11 Adapter: 0
[2017.12.20-21.26.15:328][  0]LogD3D11RHI: Creating new Direct3DDevice
[2017.12.20-21.26.15:328][  0]LogD3D11RHI:     GPU DeviceId: 0x1401 (for the marketing name, search the web for "GPU Device Id")
[2017.12.20-21.26.15:328][  0]LogWindows: EnumDisplayDevices:
[2017.12.20-21.26.15:328][  0]LogWindows:    0. 'NVIDIA GeForce GTX 960' (P:0 D:1)
[2017.12.20-21.26.15:328][  0]LogWindows:    1. 'NVIDIA GeForce GTX 960' (P:1 D:1)
[2017.12.20-21.26.15:328][  0]LogWindows:    2. 'NVIDIA GeForce GTX 960' (P:0 D:0)
[2017.12.20-21.26.15:328][  0]LogWindows:    3. 'NVIDIA GeForce GTX 960' (P:0 D:0)
[2017.12.20-21.26.15:328][  0]LogWindows: DebugString: GetVideoDriverDetailsInvalid PrimaryIsNotTheChoosenAdapter GetVideoDriverDetailsInvalid PrimaryIsNotTheChoosenAdapter GetVideoDriverDetailsInvalid PrimaryIsNotTheChoosenAdapter GetVideoDriverDetailsInvalid PrimaryIsNotTheChoosenAdapter FoundDriverCount:0 
[2017.12.20-21.26.15:328][  0]LogD3D11RHI:     Adapter Name: NVIDIA GeForce GTX 960
[2017.12.20-21.26.15:328][  0]LogD3D11RHI:   Driver Version: Unknown (internal:Unknown, unified:Unknown)
[2017.12.20-21.26.15:328][  0]LogD3D11RHI:      Driver Date: Unknown
[2017.12.20-21.26.15:328][  0]LogRHI: Texture pool is 1361 MB (70% of 1945 MB)
[2017.12.20-21.26.15:342][  0]LogD3D11RHI: Async texture creation enabled
[2017.12.20-21.26.15:352][  0]LogD3D11RHI: GPU Timing Frequency: 1000.000000 (Debug: 2 1)
[2017.12.20-21.26.15:399][  0]LogShaderCompilers: Guid format shader working directory is -1 characters bigger than the processId version (D:/Project Liane/Liane/projectliane/projectliane/Intermediate/Shaders/WorkingDirectory/4396/).
[2017.12.20-21.26.15:399][  0]LogShaderCompilers: Cleaned the shader compiler working directory 'C:/Users/3DGuru/AppData/Local/Temp/UnrealShaderWorkingDir/69F22DAE468487AD35F6F8A23B9DEFA7/'.
[2017.12.20-21.26.15:399][  0]LogShaderCompilers:Display: Using Local Shader Compiler.
[2017.12.20-21.26.16:138][  0]LogTemp:Display: Loaded TP AllDesktopTargetPlatform
[2017.12.20-21.26.16:167][  0]LogTemp:Display: Loaded TP MacClientTargetPlatform
[2017.12.20-21.26.16:193][  0]LogTemp:Display: Loaded TP MacNoEditorTargetPlatform
[2017.12.20-21.26.16:220][  0]LogTemp:Display: Loaded TP MacServerTargetPlatform
[2017.12.20-21.26.16:246][  0]LogTemp:Display: Loaded TP MacTargetPlatform
[2017.12.20-21.26.16:273][  0]LogTemp:Display: Loaded TP WindowsClientTargetPlatform
[2017.12.20-21.26.16:302][  0]LogTemp:Display: Loaded TP WindowsNoEditorTargetPlatform
[2017.12.20-21.26.16:327][  0]LogTemp:Display: Loaded TP WindowsServerTargetPlatform
[2017.12.20-21.26.16:349][  0]LogTemp:Display: Loaded TP WindowsTargetPlatform
[2017.12.20-21.26.16:375][  0]LogTemp:Display: Loaded TP AndroidTargetPlatform
[2017.12.20-21.26.16:402][  0]LogTemp:Display: Loaded TP Android_ASTCTargetPlatform
[2017.12.20-21.26.16:428][  0]LogTemp:Display: Loaded TP Android_ATCTargetPlatform
[2017.12.20-21.26.16:456][  0]LogTemp:Display: Loaded TP Android_DXTTargetPlatform
[2017.12.20-21.26.16:481][  0]LogTemp:Display: Loaded TP Android_ETC1TargetPlatform
[2017.12.20-21.26.16:510][  0]LogTemp:Display: Loaded TP Android_ETC2TargetPlatform
[2017.12.20-21.26.16:561][  0]LogTemp:Display: Loaded TP Android_MultiTargetPlatform
[2017.12.20-21.26.16:561][  0]LogTemp:Display: Loaded TP Android_PVRTCTargetPlatform
[2017.12.20-21.26.16:582][  0]LogTemp:Display: Loaded TP HTML5TargetPlatform
[2017.12.20-21.26.16:643][  0]LogTemp:Display: Loaded TP IOSTargetPlatform
[2017.12.20-21.26.16:660][  0]LogTemp:Display: Loaded TP TVOSTargetPlatform
[2017.12.20-21.26.16:687][  0]LogTemp:Display: Loaded TP LinuxClientTargetPlatform
[2017.12.20-21.26.16:714][  0]LogTemp:Display: Loaded TP LinuxNoEditorTargetPlatform
[2017.12.20-21.26.16:741][  0]LogTemp:Display: Loaded TP LinuxServerTargetPlatform
[2017.12.20-21.26.16:770][  0]LogTemp:Display: Loaded TP LinuxTargetPlatform
[2017.12.20-21.26.16:770][  0]LogTargetPlatformManager:Display: Building Assets For Windows
[2017.12.20-21.26.17:050][  0]LogDerivedDataCache:Display: Max Cache Size: 512 MB
[2017.12.20-21.26.17:116][  0]LogDerivedDataCache: Loaded boot cache 0.07s 90MB C:/Users/3DGuru/AppData/Local/UnrealEngine/4.16/DerivedDataCache/Boot.ddc.
[2017.12.20-21.26.17:116][  0]LogDerivedDataCache:Display: Loaded Boot cache: C:/Users/3DGuru/AppData/Local/UnrealEngine/4.16/DerivedDataCache/Boot.ddc
[2017.12.20-21.26.17:116][  0]LogDerivedDataCache: FDerivedDataBackendGraph:  Pak pak cache file D:/Project Liane/Liane/projectliane/projectliane/DerivedDataCache/DDC.ddp not found, will not use a pak cache.
[2017.12.20-21.26.17:116][  0]LogDerivedDataCache: Unable to find inner node Pak for hierarchical cache Hierarchy.
[2017.12.20-21.26.17:116][  0]LogDerivedDataCache: FDerivedDataBackendGraph:  CompressedPak pak cache file D:/Project Liane/Liane/projectliane/projectliane/DerivedDataCache/Compressed.ddp not found, will not use a pak cache.
[2017.12.20-21.26.17:116][  0]LogDerivedDataCache: Unable to find inner node CompressedPak for hierarchical cache Hierarchy.
[2017.12.20-21.26.17:130][  0]LogDerivedDataCache:Display: Pak cache opened for reading ../../../Engine/DerivedDataCache/Compressed.ddp.
[2017.12.20-21.26.17:142][  0]LogDerivedDataCache: Using Local data cache path C:/Users/3DGuru/AppData/Local/UnrealEngine/Common/DerivedDataCache: Writable
[2017.12.20-21.26.17:149][  0]LogMaterial: Verifying Global Shaders for PCD3D_SM5
[2017.12.20-21.26.17:149][  0]LogSlate: Using Freetype 2.6.0
[2017.12.20-21.26.17:150][  0]LogSlate: SlateFontCache - WITH_FREETYPE: 1, WITH_HARFBUZZ: 1
[2017.12.20-21.26.17:150][  0]LogSlate: SlateFontCache - WITH_FREETYPE: 1, WITH_HARFBUZZ: 1
[2017.12.20-21.26.17:378][  0]LogInit: Selected Device Profile: [Windows]
[2017.12.20-21.26.17:426][  0]LogContentStreaming: Texture pool size is 0.00 MB
[2017.12.20-21.26.17:523][  0]LogMeshUtilities: Using QuadricMeshReduction for automatic static mesh reduction
[2017.12.20-21.26.17:546][  0]LogSimplygon: Simplygon DLL not present - disabling.
[2017.12.20-21.26.17:571][  0]LogMeshUtilities: Using SimplygonSwarm for distributed automatic mesh merging
[2017.12.20-21.26.17:571][  0]LogMeshUtilities: No automatic skeletal mesh reduction module available
[2017.12.20-21.26.17:571][  0]LogMeshUtilities: No automatic mesh merging module available
[2017.12.20-21.26.17:887][  0]LogNetVersion: projectliane , NetCL: 3452394, EngineNetVer: 2, GameNetVer: 0 (Checksum: 3551988686)
[2017.12.20-21.26.17:932][  0]LogAssetRegistry: FAssetRegistry took 0.0244 seconds to start up
[2017.12.20-21.26.17:971][  0]LogPackageLocalizationCache: Processed 4 localized package path(s) for 2 prioritized culture(s) in 0.028002 seconds
[2017.12.20-21.26.17:977][  0]LogUObjectArray: 34194 objects as part of root set at end of initial load.
[2017.12.20-21.26.17:977][  0]LogUObjectAllocator: 7260424 out of 0 bytes used by permanent object pool.
[2017.12.20-21.26.17:977][  0]LogUObjectArray: CloseDisregardForGC: 0/0 objects in disregard for GC pool
[2017.12.20-21.26.18:011][  0]LogInit: WinSock: version 1.1 (2.2), MaxSocks=32767, MaxUdp=65467
[2017.12.20-21.26.19:435][  0]LogTcpMessaging: Initializing TcpMessaging bridge
[2017.12.20-21.26.19:460][  0]LogUdpMessaging: Initializing bridge on interface 0.0.0.0:0 to multicast group 230.0.0.1:6666.
[2017.12.20-21.26.19:794][  0]LogMaterial: Uniform references updated for custom material expression Custom.
[2017.12.20-21.26.20:012][  0]SourceControl: Info Source control is disabled
[2017.12.20-21.26.20:013][  0]SourceControl: Info Source control is disabled
[2017.12.20-21.26.20:038][  0]SourceControl: Info Source control is disabled
[2017.12.20-21.26.20:064][  0]SourceControl: Info Source control is disabled
[2017.12.20-21.26.20:427][  0]LogAndroidPermission: UAndroidPermissionCallbackProxy::GetInstance
[2017.12.20-21.26.20:759][  0]LogEngine: Initializing Engine...
[2017.12.20-21.26.20:759][  0]LogHMD: Failed to initialize OpenVR with code 110
[2017.12.20-21.26.20:889][  0]LogStats: UGameplayTagsManager::ConstructGameplayTagTree: Construct from data asset -  0.000 s
[2017.12.20-21.26.20:889][  0]LogStats: UGameplayTagsManager::ConstructGameplayTagTree: GameplayTagTreeChangedEvent.Broadcast -  0.000 s
[2017.12.20-21.26.20:960][  0]LogAIModule: Creating AISystem for world Untitled
[2017.12.20-21.26.20:969][  0]LogInit: XAudio2 using 'Speakers (High Definition Audio Device)' : 4 channels at 48 kHz using 16 bits per sample (channel mask 0x33)
[2017.12.20-21.26.20:985][  0]LogInit: FAudioDevice initialized.
[2017.12.20-21.26.21:021][  0]LogDerivedDataCache: Saved boot cache 0.04s 90MB C:/Users/3DGuru/AppData/Local/UnrealEngine/4.16/DerivedDataCache/Boot.ddc.
[2017.12.20-21.26.21:031][  0]LogInit: Texture streaming: Enabled
[2017.12.20-21.26.21:089][  0]LogEngineSessionManager: EngineSessionManager initialized
[2017.12.20-21.26.21:204][  0]LogInit: Transaction tracking system initialized
[2017.12.20-21.26.21:364][  0]BlueprintLog: New page: Editor Load
[2017.12.20-21.26.21:842][  0]LocalizationService: Info Localization service is disabled
[2017.12.20-21.26.22:187][  0]LogConsoleResponse:Display: 
[2017.12.20-21.26.22:287][  0]LogCook:Display: Max memory allowance for cook 16384mb min free memory 0mb
[2017.12.20-21.26.22:287][  0]LogCook:Display: Mobile HDR setting 1
[2017.12.20-21.26.22:809][  0]LogFileCache: Scanning file cache for directory 'D:/Project Liane/Liane/projectliane/projectliane/Content/' took 0.02s
[2017.12.20-21.26.22:809][  0]SourceControl: Info Source control is disabled
[2017.12.20-21.26.22:809][  0]Cmd: MAP LOAD FILE="D:/Project Liane/Liane/projectliane/projectliane/Content/ThirdPersonBP/Maps/ThirdPersonExampleMap.umap" TEMPLATE=0 SHOWPROGRESS=1 FEATURELEVEL=3
[2017.12.20-21.26.22:814][  0]LightingResults: New page: Lighting Build
[2017.12.20-21.26.22:835][  0]MapCheck: New page: Map Check
[2017.12.20-21.26.22:835][  0]LightingResults: New page: Lighting Build
[2017.12.20-21.26.23:554][  0]LogBlueprint:Warning: [Compiler BP_PhotoPawn] Warning InputAction Event references unknown Action 'ToggleFocusForAdjustmentsWidget' for  InputAction ToggleFocusForAdjustmentsWidget
[2017.12.20-21.26.23:555][  0]LogBlueprint:Warning: [Compiler BP_PhotoPawn] Warning InputAction Event references unknown Action 'ToggleAdjustmentsWidget' for  InputAction ToggleAdjustmentsWidget
[2017.12.20-21.26.23:555][  0]LogBlueprint:Warning: [Compiler BP_PhotoPawn] Warning Input Axis Event references unknown Axis 'MoveUp' for  InputAxis MoveUp
[2017.12.20-21.26.23:559][  0]LogBlueprint:Warning: [Compiler BP_PhotoPawn] Warning [0010.00] Compile of BP_PhotoPawn successful, but with 3 Warning(s) [in 8 ms] (/Game/PhotoMode/Blueprints/BP_PhotoPawn.BP_PhotoPawn)
[2017.12.20-21.26.23:561][  0]LogBlueprint:Warning: [Compiler BP_PhotoPawn] Warning [0010.00] Compile of BP_PhotoPawn successful, but with 4 Warning(s) [in 2 ms] (/Game/PhotoMode/Blueprints/BP_PhotoPawn.BP_PhotoPawn)
[2017.12.20-21.26.23:561][  0]LogBlueprint:Warning: [Compiler BP_PhotoPawn] Warning [0010.00] Compile of BP_PhotoPawn successful, but with 5 Warning(s) [in 0 ms] (/Game/PhotoMode/Blueprints/BP_PhotoPawn.BP_PhotoPawn)
[2017.12.20-21.26.24:250][  0]LogBlueprint:Warning: [Compiler BP_PhotoPawn] Warning InputAction Event references unknown Action 'ToggleFocusForAdjustmentsWidget' for  InputAction ToggleFocusForAdjustmentsWidget
[2017.12.20-21.26.24:250][  0]LogBlueprint:Warning: [Compiler BP_PhotoPawn] Warning InputAction Event references unknown Action 'ToggleAdjustmentsWidget' for  InputAction ToggleAdjustmentsWidget
[2017.12.20-21.26.24:251][  0]LogBlueprint:Warning: [Compiler BP_PhotoPawn] Warning Input Axis Event references unknown Axis 'MoveUp' for  InputAxis MoveUp
[2017.12.20-21.26.24:255][  0]LogBlueprint:Warning: [Compiler BP_PhotoPawn] Warning [0010.69] Compile of BP_PhotoPawn successful, but with 3 Warning(s) [in 9 ms] (/Game/PhotoMode/Blueprints/BP_PhotoPawn.BP_PhotoPawn)
[2017.12.20-21.26.24:255][  0]LogBlueprint:Warning: [Compiler BP_PhotoPawn] Warning [0010.69] Compile of BP_PhotoPawn successful, but with 4 Warning(s) [in 0 ms] (/Game/PhotoMode/Blueprints/BP_PhotoPawn.BP_PhotoPawn)
[2017.12.20-21.26.24:257][  0]LogBlueprint:Warning: [Compiler BP_PhotoPawn] Warning [0010.70] Compile of BP_PhotoPawn successful, but with 5 Warning(s) [in 2 ms] (/Game/PhotoMode/Blueprints/BP_PhotoPawn.BP_PhotoPawn)
[2017.12.20-21.26.27:461][  0]LogTexture:Display: Building textures: HQ_Lightmap1_1 (AutoDXT, 2048X2048)
[2017.12.20-21.26.28:356][  0]LogTexture:Display: Building textures: HQ_Lightmap1_2 (AutoDXT, 1024X1024)
[2017.12.20-21.26.28:557][  0]LogTexture:Display: Building textures: HQ_Lightmap1_3 (AutoDXT, 64X64)
[2017.12.20-21.26.28:630][  0]LogTexture:Display: Building textures: LQ_Lightmap_1_1 (DXT1, 2048X2048)
[2017.12.20-21.26.29:340][  0]LogTexture:Display: Building textures: LQ_Lightmap_1_2 (DXT1, 1024X1024)
[2017.12.20-21.26.29:481][  0]LogTexture:Display: Building textures: LQ_Lightmap_1_3 (DXT1, 64X64)
[2017.12.20-21.26.29:485][  0]LogTexture:Display: Building textures: ShadowMapTexture2D_10 (BGRA8, 1024X128)
[2017.12.20-21.26.29:491][  0]LogTexture:Display: Building textures: ShadowMapTexture2D_11 (G8, 32X32)
[2017.12.20-21.26.29:498][  0]LogTexture:Display: Building textures: ShadowMapTexture2D_8 (BGRA8, 1024X1024)
[2017.12.20-21.26.29:529][  0]LogTexture:Display: Building textures: ShadowMapTexture2D_9 (G8, 512X1024)
[2017.12.20-21.26.30:740][  0]LogAIModule: Creating AISystem for world ThirdPersonExampleMap
[2017.12.20-21.26.30:888][  0]LogEditorServer: Finished looking for orphan Actors (0.000 secs)
[2017.12.20-21.26.30:915][  0]Cmd: MAP CHECKDEP NOCLEARLOG
[2017.12.20-21.26.30:962][  0]MapCheck: Info Map check complete: 0 Error(s), 0 Warning(s), took 46.54ms to complete.
[2017.12.20-21.26.30:962][  0]LogFileHelpers: Loading map 'ThirdPersonExampleMap' took 8.153
[2017.12.20-21.26.31:021][  0]LogWindowsTextInputMethodSystem:Display: IME system now deactivated.
[2017.12.20-21.26.31:412][  0]LogCollectionManager: Loaded 0 collections in 0.000973 seconds
[2017.12.20-21.26.31:471][  0]LogFileCache: Scanning file cache for directory 'D:/Project Liane/Liane/projectliane/projectliane/Saved/Collections/' took 0.01s
[2017.12.20-21.26.31:471][  0]LogFileCache: Scanning file cache for directory 'D:/Project Liane/Liane/projectliane/projectliane/Content/Developers/3DGuru/Collections/' took 0.01s
[2017.12.20-21.26.31:471][  0]LogFileCache: Scanning file cache for directory 'D:/Project Liane/Liane/projectliane/projectliane/Content/Collections/' took 0.01s
[2017.12.20-21.26.31:471][  0]LogCollectionManager: Rebuilt the GUID cache for 0 collections in 0.000001 seconds
[2017.12.20-21.26.31:480][  0]LogContentBrowser: Native class hierarchy populated in 0.0086 seconds. Added 2329 classes and 491 folders.
[2017.12.20-21.26.31:513][  0]LogContentBrowser: Native class hierarchy updated for 'WidgetCarousel' in 0.0004 seconds. Added 0 classes and 0 folders.
[2017.12.20-21.26.35:943][  0]LogContentBrowser: Native class hierarchy updated for 'AddContentDialog' in 0.0004 seconds. Added 0 classes and 0 folders.
[2017.12.20-21.26.36:075][  0]LogContentBrowser: Native class hierarchy updated for 'SceneOutliner' in 0.0005 seconds. Added 1 classes and 2 folders.
[2017.12.20-21.26.36:102][  0]LogCrashTracker: Crashtracker disabled due to settings.
[2017.12.20-21.26.36:106][  0]LogSlate: Took 0.000120 seconds to synchronously load lazily loaded font '../../../Engine/Content/Slate/Fonts/Roboto-Regular.ttf' (155K)
[2017.12.20-21.26.36:107][  0]LogSlate: Took 0.000129 seconds to synchronously load lazily loaded font '../../../Engine/Content/Slate/Fonts/Roboto-Bold.ttf' (160K)
[2017.12.20-21.26.36:193][  0]LogSlate: Took 0.081066 seconds to synchronously load lazily loaded font '../../../Engine/Content/Editor/Slate/Fonts/FontAwesome.ttf' (139K)
[2017.12.20-21.26.36:832][  0]LogRenderer: Reallocating scene render targets to support 1140x592 NumSamples 1 (Frame:1).
[2017.12.20-21.26.36:951][  0]LogSlate: Took 0.089755 seconds to synchronously load lazily loaded font '../../../Engine/Content/Slate/Fonts/Roboto-Light.ttf' (159K)
[2017.12.20-21.26.37:012][  0]LogUObjectGlobals:Warning: Failed to find object 'Class None.'
[2017.12.20-21.26.37:055][  0]LogContentBrowser: Native class hierarchy updated for 'HierarchicalLODOutliner' in 0.0004 seconds. Added 1 classes and 2 folders.
[2017.12.20-21.26.37:055][  0]LogLoad: (Engine Initialization) Total time: 23.49 seconds
[2017.12.20-21.26.37:055][  0]LogLoad: (Engine Initialization) Total Blueprint compile time: 0.53 seconds
[2017.12.20-21.26.37:055][  0]LogExternalProfiler: No external profilers were discovered.  External profiling features will not be available.
[2017.12.20-21.26.37:064][  0]LogOcInput: OculusInput pre-init called
[2017.12.20-21.26.37:064][  0]LogHMD: Starting GearVRController plugin
[2017.12.20-21.26.37:097][  0]LogContentStreaming: Texture pool size now 1000 MB
[2017.12.20-21.26.37:204][  1]LogFileCache: Retrieving MD5 hashes for directory 'D:/Project Liane/Liane/projectliane/projectliane/Content/' took 0.12s
[2017.12.20-21.26.47:675][230]LogAssetRegistry: Asset discovery search completed in 29.7648 seconds
[2017.12.20-21.26.47:677][230]LogCollectionManager: Rebuilt the object cache for 0 collections in 0.000000 seconds (found 0 objects)
[2017.12.20-21.26.47:677][230]LogCollectionManager: Fixed up redirectors for 0 collections in 0.000030 seconds (updated 0 objects)
[2017.12.20-21.26.57:511][372]Cmd: BRUSH ADD SELECTNEWBRUSH
[2017.12.20-21.27.06:757][400]LogEditorViewport: Clicking on Actor (LMB): TriggerVolume (PressurePlate1_Volume2)
[2017.12.20-21.27.13:381][120]LogEditorViewport: Clicking on Actor (LMB): TriggerVolume (PressurePlate1_Volume2)
[2017.12.20-21.27.26:128][619]LogActorFactory: Actor Factory created Electricbox
[2017.12.20-21.27.26:968][702]LogActorFactory: Actor Factory created Electricbox
[2017.12.20-21.27.40:426][252]LogEditorViewport: Clicking on Actor (LMB): StaticMeshActor (Electricbox)
[2017.12.20-21.27.47:498][ 76]LogEditorViewport: Clicking on Actor (LMB): TriggerVolume (PressurePlate1_Volume2)
[2017.12.20-21.27.49:555][318]Cmd: TRANSACTION UNDO
[2017.12.20-21.27.49:555][318]LogEditorTransaction: Undo Move Actors
[2017.12.20-21.27.49:568][318]LogSlate: Took 0.000165 seconds to synchronously load lazily loaded font '../../../Engine/Content/Slate/Fonts/Roboto-Light.ttf' (159K)
[2017.12.20-21.27.56:928][162]LogEditorViewport: Clicking on Actor (LMB): StaticMeshActor (Electricbox)
[2017.12.20-21.28.11:501][852]LogEditorViewport: Clicking on Actor (LMB): StaticMeshActor (PhysicsCube3)
[2017.12.20-21.28.16:375][391]LogSlate: Took 0.026106 seconds to synchronously load lazily loaded font '../../../Engine/Content/Editor/Slate/Fonts/Roboto-Italic.ttf' (157K)
[2017.12.20-21.28.29:267][888]LogEditorViewport: Clicking on Actor (LMB): StaticMeshActor (PhysicsCube4)
[2017.12.20-21.28.47:468][998]LogActorFactory: Actor Factory created Electricbox
[2017.12.20-21.28.48:301][ 88]LogActorFactory: Actor Factory created Electricbox
[2017.12.20-21.29.03:169][826]Cmd: BRUSH ADD SELECTNEWBRUSH
[2017.12.20-21.29.20:255][767]LogEditorViewport: Clicking on Actor (LMB): TriggerVolume (PressurePlate1_Volume6)
[2017.12.20-21.29.46:604][798]LogEditorViewport: Clicking on Actor (LMB): StaticMeshActor (Wire)
[2017.12.20-21.29.59:733][299]LogEditorViewport: Clicking on Actor (LMB): Emitter (P_Sparks)
[2017.12.20-21.30.08:401][320]LogEditorViewport: Clicking on Actor (LMB): StaticMeshActor (PhysicsCube5)
[2017.12.20-21.30.19:047][553]LogEditorViewport: Clicking on Actor (LMB): StaticMeshActor (PhysicsCube16)
[2017.12.20-21.30.26:009][352]LogEditorViewport: Clicking on Actor (LMB): StaticMeshActor (PhysicsCube15)
[2017.12.20-21.30.34:280][303]LogEditorViewport: Clicking on Actor (LMB): StaticMeshActor (PhysicsCube16)
[2017.12.20-21.31.06:856][156]LogEditorViewport: Clicking on Actor (CTRL LMB): StaticMeshActor (Electricbox2)
[2017.12.20-21.31.47:224][694]Cmd: TRANSACTION UNDO
[2017.12.20-21.31.47:224][694]LogEditorTransaction: Undo Rotate Actors
[2017.12.20-21.31.47:233][694]LogActorComponent: ~FComponentReregisterContext: (/Game/ThirdPersonBP/Maps/ThirdPersonExampleMap.ThirdPersonExampleMap:PersistentLevel.BoxBrush30.BrushComponent0) Component already registered.
[2017.12.20-21.31.47:234][694]LogActorComponent: ~FComponentReregisterContext: (/Game/ThirdPersonBP/Maps/ThirdPersonExampleMap.ThirdPersonExampleMap:PersistentLevel.BoxBrush24.BrushComponent0) Component already registered.
[2017.12.20-21.31.47:234][694]LogActorComponent: ~FComponentReregisterContext: (/Game/ThirdPersonBP/Maps/ThirdPersonExampleMap.ThirdPersonExampleMap:PersistentLevel.BoxBrush44.BrushComponent0) Component already registered.
[2017.12.20-21.31.47:234][694]LogActorComponent: ~FComponentReregisterContext: (/Game/ThirdPersonBP/Maps/ThirdPersonExampleMap.ThirdPersonExampleMap:PersistentLevel.BoxBrush38.BrushComponent0) Component already registered.
[2017.12.20-21.31.47:237][694]LogActorComponent: ~FComponentReregisterContext: (/Game/ThirdPersonBP/Maps/ThirdPersonExampleMap.ThirdPersonExampleMap:PersistentLevel.BoxBrush20.BrushComponent0) Component already registered.
[2017.12.20-21.31.47:238][694]LogActorComponent: ~FComponentReregisterContext: (/Game/ThirdPersonBP/Maps/ThirdPersonExampleMap.ThirdPersonExampleMap:PersistentLevel.BoxBrush12.BrushComponent0) Component already registered.
[2017.12.20-21.31.47:798][752]Cmd: TRANSACTION UNDO
[2017.12.20-21.31.47:798][752]LogEditorTransaction: Undo Move Actors
[2017.12.20-21.31.47:807][752]LogActorComponent: ~FComponentReregisterContext: (/Game/ThirdPersonBP/Maps/ThirdPersonExampleMap.ThirdPersonExampleMap:PersistentLevel.BoxBrush30.BrushComponent0) Component already registered.
[2017.12.20-21.31.47:807][752]LogActorComponent: ~FComponentReregisterContext: (/Game/ThirdPersonBP/Maps/ThirdPersonExampleMap.ThirdPersonExampleMap:PersistentLevel.BoxBrush24.BrushComponent0) Component already registered.
[2017.12.20-21.31.47:808][752]LogActorComponent: ~FComponentReregisterContext: (/Game/ThirdPersonBP/Maps/ThirdPersonExampleMap.ThirdPersonExampleMap:PersistentLevel.BoxBrush44.BrushComponent0) Component already registered.
[2017.12.20-21.31.47:808][752]LogActorComponent: ~FComponentReregisterContext: (/Game/ThirdPersonBP/Maps/ThirdPersonExampleMap.ThirdPersonExampleMap:PersistentLevel.BoxBrush38.BrushComponent0) Component already registered.
[2017.12.20-21.31.47:811][752]LogActorComponent: ~FComponentReregisterContext: (/Game/ThirdPersonBP/Maps/ThirdPersonExampleMap.ThirdPersonExampleMap:PersistentLevel.BoxBrush20.BrushComponent0) Component already registered.
[2017.12.20-21.31.47:811][752]LogActorComponent: ~FComponentReregisterContext: (/Game/ThirdPersonBP/Maps/ThirdPersonExampleMap.ThirdPersonExampleMap:PersistentLevel.BoxBrush12.BrushComponent0) Component already registered.
[2017.12.20-21.32.24:749][ 81]LogEditorViewport: Clicking on Actor (LMB): StaticMeshActor (PhysicsCube6)
[2017.12.20-21.32.45:753][524]LogSlate: Took 0.000112 seconds to synchronously load lazily loaded font '../../../Engine/Content/Slate/Fonts/Roboto-Light.ttf' (159K)
[2017.12.20-21.32.47:131][524]LogSavePackage: Save=1299.71ms
[2017.12.20-21.32.47:131][524]LogSavePackage: Moving 'D:/Project Liane/Liane/projectliane/projectliane/Saved/ThirdPersonExampleMapB29BD2AD4D4D6A61D368C2A42481916B.tmp' to 'D:/Project Liane/Liane/projectliane/projectliane/Content/ThirdPersonBP/Maps/ThirdPersonExampleMap.umap'
[2017.12.20-21.32.47:135][524]LogSavePackage:Display: Finished SavePackage D:/Project Liane/Liane/projectliane/projectliane/Content/ThirdPersonBP/Maps/ThirdPersonExampleMap.umap
[2017.12.20-21.32.47:169][524]LogFileHelpers: Saving map 'ThirdPersonExampleMap' took 1.409
[2017.12.20-21.33.02:246][310]Cmd: CLOSE_SLATE_MAINFRAME
[2017.12.20-21.33.02:577][311]Cmd: QUIT_EDITOR
[2017.12.20-21.33.02:590][311]LogWindowsTextInputMethodSystem:Display: IME system now deactivated.
[2017.12.20-21.33.02:597][311]LogExit: Preparing to exit.
[2017.12.20-21.33.03:679][311]LogExit: Editor shut down
[2017.12.20-21.33.03:681][311]LogExit: Transaction tracking system shut down
[2017.12.20-21.33.03:737][311]LogObj: Freed 0b from 0 cluster array pools.
[2017.12.20-21.33.03:738][311]LogExit: Object subsystem successfully closed.
[2017.12.20-21.33.03:759][311]LogD3D11RHI: Shutdown
[2017.12.20-21.33.03:759][311]LogD3D11RHI: CleanupD3DDevice
[2017.12.20-21.33.03:816][311]LogD3D11RHI: ~FD3D11DynamicRHI
[2017.12.20-21.33.03:822][311]LogModuleManager: Shutting down and abandoning module HierarchicalLODUtilities (526)
[2017.12.20-21.33.03:822][311]LogModuleManager: Shutting down and abandoning module HierarchicalLODOutliner (524)
[2017.12.20-21.33.03:822][311]LogModuleManager: Shutting down and abandoning module CrashTracker (522)
[2017.12.20-21.33.03:822][311]LogModuleManager: Shutting down and abandoning module SceneOutliner (520)
[2017.12.20-21.33.03:822][311]LogModuleManager: Shutting down and abandoning module AddContentDialog (518)
[2017.12.20-21.33.03:822][311]LogDirectoryWatcher: A directory notification for 'F:/UE_4.16/FeaturePacks/' was aborted.
[2017.12.20-21.33.03:823][311]LogModuleManager: Shutting down and abandoning module WidgetCarousel (517)
[2017.12.20-21.33.03:823][311]LogModuleManager: Shutting down and abandoning module EditorWidgets (514)
[2017.12.20-21.33.03:823][311]LogModuleManager: Shutting down and abandoning module CollectionManager (512)
[2017.12.20-21.33.03:823][311]LogDirectoryWatcher: A directory notification for 'D:/Project Liane/Liane/projectliane/projectliane/Content/Collections/' was aborted.
[2017.12.20-21.33.03:823][311]LogDirectoryWatcher: A directory notification for 'D:/Project Liane/Liane/projectliane/projectliane/Content/Developers/3DGuru/Collections/' was aborted.
[2017.12.20-21.33.03:823][311]LogDirectoryWatcher: A directory notification for 'D:/Project Liane/Liane/projectliane/projectliane/Saved/Collections/' was aborted.
[2017.12.20-21.33.03:823][311]LogModuleManager: Shutting down and abandoning module StatsViewer (510)
[2017.12.20-21.33.03:823][311]LogModuleManager: Shutting down and abandoning module FoliageEdit (508)
[2017.12.20-21.33.03:823][311]LogModuleManager: Shutting down and abandoning module LandscapeEditor (506)
[2017.12.20-21.33.03:823][311]LogModuleManager: Shutting down and abandoning module MeshPaintMode (504)
[2017.12.20-21.33.03:823][311]LogModuleManager: Shutting down and abandoning module SceneDepthPickerMode (502)
[2017.12.20-21.33.03:823][311]LogModuleManager: Shutting down and abandoning module ActorPickerMode (500)
[2017.12.20-21.33.03:823][311]LogModuleManager: Shutting down and abandoning module GeometryMode (498)
[2017.12.20-21.33.03:823][311]LogModuleManager: Shutting down and abandoning module TextureAlignMode (496)
[2017.12.20-21.33.03:823][311]LogModuleManager: Shutting down and abandoning module BspMode (494)
[2017.12.20-21.33.03:823][311]LogModuleManager: Shutting down and abandoning module HardwareSurvey (492)
[2017.12.20-21.33.03:823][311]LogModuleManager: Shutting down and abandoning module SequenceRecorderSections (490)
[2017.12.20-21.33.03:823][311]LogModuleManager: Shutting down and abandoning module AutomationWorker (488)
[2017.12.20-21.33.03:823][311]LogModuleManager: Shutting down and abandoning module MatineeToLevelSequence (486)
[2017.12.20-21.33.03:823][311]LogModuleManager: Shutting down and abandoning module LevelSequenceEditor (484)
[2017.12.20-21.33.03:823][311]LogModuleManager: Shutting down and abandoning module PlacementMode (483)
[2017.12.20-21.33.03:823][311]LogModuleManager: Shutting down and abandoning module WmfMediaFactory (480)
[2017.12.20-21.33.03:823][311]LogModuleManager: Shutting down and abandoning module WmfMediaEditor (478)
[2017.12.20-21.33.03:823][311]LogModuleManager: Shutting down and abandoning module AvfMediaFactory (476)
[2017.12.20-21.33.03:823][311]LogModuleManager: Shutting down and abandoning module AvfMediaEditor (474)
[2017.12.20-21.33.03:823][311]LogModuleManager: Shutting down and abandoning module AndroidMediaFactory (472)
[2017.12.20-21.33.03:823][311]LogModuleManager: Shutting down and abandoning module Media (471)
[2017.12.20-21.33.03:823][311]LogModuleManager: Shutting down and abandoning module AndroidMediaEditor (468)
[2017.12.20-21.33.03:823][311]LogModuleManager: Shutting down and abandoning module CharacterAI (466)
[2017.12.20-21.33.03:823][311]LogModuleManager: Shutting down and abandoning module AudioCapture (464)
[2017.12.20-21.33.03:823][311]LogModuleManager: Shutting down and abandoning module SequenceRecorder (463)
[2017.12.20-21.33.03:823][311]LogModuleManager: Shutting down and abandoning module SmartSnapping (460)
[2017.12.20-21.33.03:823][311]LogModuleManager: Shutting down and abandoning module SessionServices (458)
[2017.12.20-21.33.03:823][311]LogModuleManager: Shutting down and abandoning module ViewportSnapping (456)
[2017.12.20-21.33.03:823][311]LogModuleManager: Shutting down and abandoning module ViewportInteraction (454)
[2017.12.20-21.33.03:823][311]LogModuleManager: Shutting down and abandoning module ClothPainter (452)
[2017.12.20-21.33.03:823][311]LogModuleManager: Shutting down and abandoning module LogVisualizer (450)
[2017.12.20-21.33.03:823][311]LogModuleManager: Shutting down and abandoning module IntroTutorials (448)
[2017.12.20-21.33.03:823][311]LogModuleManager: Shutting down and abandoning module GameProjectGeneration (447)
[2017.12.20-21.33.03:823][311]LogModuleManager: Shutting down and abandoning module EditorLiveStreaming (444)
[2017.12.20-21.33.03:823][311]LogModuleManager: Shutting down and abandoning module IOSPlatformEditor (442)
[2017.12.20-21.33.03:823][311]LogModuleManager: Shutting down and abandoning module HTML5PlatformEditor (440)
[2017.12.20-21.33.03:823][311]LogModuleManager: Shutting down and abandoning module AndroidPlatformEditor (438)
[2017.12.20-21.33.03:823][311]LogModuleManager: Shutting down and abandoning module AndroidDeviceDetection (437)
[2017.12.20-21.33.04:075][311]LogModuleManager: Shutting down and abandoning module IOSRuntimeSettings (434)
[2017.12.20-21.33.04:075][311]LogModuleManager: Shutting down and abandoning module AndroidRuntimeSettings (432)
[2017.12.20-21.33.04:075][311]LogModuleManager: Shutting down and abandoning module InputBindingEditor (430)
[2017.12.20-21.33.04:075][311]LogModuleManager: Shutting down and abandoning module MergeActors (428)
[2017.12.20-21.33.04:075][311]LogModuleManager: Shutting down and abandoning module SizeMap (426)
[2017.12.20-21.33.04:075][311]LogModuleManager: Shutting down and abandoning module TreeMap (424)
[2017.12.20-21.33.04:075][311]LogModuleManager: Shutting down and abandoning module ReferenceViewer (422)
[2017.12.20-21.33.04:075][311]LogModuleManager: Shutting down and abandoning module LocalizationDashboard (420)
[2017.12.20-21.33.04:075][311]LogModuleManager: Shutting down and abandoning module LocalizationService (419)
[2017.12.20-21.33.04:075][311]LogModuleManager: Shutting down and abandoning module HardwareTargeting (416)
[2017.12.20-21.33.04:075][311]LogModuleManager: Shutting down and abandoning module DeviceProfileEditor (414)
[2017.12.20-21.33.04:075][311]LogModuleManager: Shutting down and abandoning module UndoHistory (412)
[2017.12.20-21.33.04:075][311]LogModuleManager: Shutting down and abandoning module UserFeedback (410)
[2017.12.20-21.33.04:075][311]LogModuleManager: Shutting down and abandoning module XmlParser (408)
[2017.12.20-21.33.04:075][311]LogModuleManager: Shutting down and abandoning module Blutility (406)
[2017.12.20-21.33.04:075][311]LogModuleManager: Shutting down and abandoning module ProjectSettingsViewer (404)
[2017.12.20-21.33.04:075][311]LogModuleManager: Shutting down and abandoning module ProjectTargetPlatformEditor (403)
[2017.12.20-21.33.04:075][311]LogModuleManager: Shutting down and abandoning module EditorSettingsViewer (400)
[2017.12.20-21.33.04:075][311]LogModuleManager: Shutting down and abandoning module SettingsEditor (398)
[2017.12.20-21.33.04:075][311]LogModuleManager: Shutting down and abandoning module ProjectLauncher (396)
[2017.12.20-21.33.04:075][311]LogModuleManager: Shutting down and abandoning module SessionFrontend (394)
[2017.12.20-21.33.04:075][311]LogModuleManager: Shutting down and abandoning module ProfilerClient (392)
[2017.12.20-21.33.04:075][311]LogModuleManager: Shutting down and abandoning module DeviceManager (390)
[2017.12.20-21.33.04:075][311]LogModuleManager: Shutting down and abandoning module TargetDeviceServices (389)
[2017.12.20-21.33.04:141][311]LogModuleManager: Shutting down and abandoning module AutomationController (386)
[2017.12.20-21.33.04:141][311]LogModuleManager: Shutting down and abandoning module AutomationWindow (384)
[2017.12.20-21.33.04:141][311]LogModuleManager: Shutting down and abandoning module Layers (382)
[2017.12.20-21.33.04:141][311]LogModuleManager: Shutting down and abandoning module ComponentVisualizers (380)
[2017.12.20-21.33.04:141][311]LogModuleManager: Shutting down and abandoning module DetailCustomizations (378)
[2017.12.20-21.33.04:141][311]LogModuleManager: Shutting down and abandoning module PackagesDialog (376)
[2017.12.20-21.33.04:141][311]LogModuleManager: Shutting down and abandoning module Persona (374)
[2017.12.20-21.33.04:141][311]LogModuleManager: Shutting down and abandoning module AdvancedPreviewScene (373)
[2017.12.20-21.33.04:141][311]LogModuleManager: Shutting down and abandoning module AnimGraph (371)
[2017.12.20-21.33.04:141][311]LogModuleManager: Shutting down and abandoning module Kismet (368)
[2017.12.20-21.33.04:142][311]LogModuleManager: Shutting down and abandoning module ClassViewer (366)
[2017.12.20-21.33.04:142][311]LogModuleManager: Shutting down and abandoning module Toolbox (364)
[2017.12.20-21.33.04:142][311]LogModuleManager: Shutting down and abandoning module ModuleUI (362)
[2017.12.20-21.33.04:142][311]LogModuleManager: Shutting down and abandoning module MovieSceneTools (360)
[2017.12.20-21.33.04:143][311]LogModuleManager: Shutting down and abandoning module OutputLog (358)
[2017.12.20-21.33.04:143][311]LogModuleManager: Shutting down and abandoning module GammaUI (356)
[2017.12.20-21.33.04:143][311]LogModuleManager: Shutting down and abandoning module Documentation (354)
[2017.12.20-21.33.04:143][311]LogModuleManager: Shutting down and abandoning module MovieSceneTracks (352)
[2017.12.20-21.33.04:143][311]LogModuleManager: Shutting down and abandoning module MovieScene (350)
[2017.12.20-21.33.04:143][311]LogModuleManager: Shutting down and abandoning module Niagara (348)
[2017.12.20-21.33.04:143][311]LogModuleManager: Shutting down and abandoning module NiagaraEditor (347)
[2017.12.20-21.33.04:143][311]LogModuleManager: Shutting down and abandoning module StreamingPauseRendering (344)
[2017.12.20-21.33.04:143][311]LogModuleManager: Shutting down and abandoning module AnalyticsET (342)
[2017.12.20-21.33.04:143][311]LogModuleManager: Shutting down and abandoning module PortalServices (340)
[2017.12.20-21.33.04:143][311]LogModuleManager: Shutting down and abandoning module PortalRpc (338)
[2017.12.20-21.33.04:143][311]LogModuleManager: Shutting down and abandoning module MessagingRpc (336)
[2017.12.20-21.33.04:143][311]LogModuleManager: Shutting down and abandoning module AIModule (334)
[2017.12.20-21.33.04:143][311]LogModuleManager: Shutting down and abandoning module GameplayDebugger (333)
[2017.12.20-21.33.04:143][311]LogModuleManager: Shutting down and abandoning module AITestSuite (331)
[2017.12.20-21.33.04:143][311]LogModuleManager: Shutting down and abandoning module ProfilerService (328)
[2017.12.20-21.33.04:245][311]LogModuleManager: Shutting down and abandoning module TaskGraph (326)
[2017.12.20-21.33.04:245][311]LogModuleManager: Shutting down and abandoning module SteamVRController (324)
[2017.12.20-21.33.04:245][311]LogModuleManager: Shutting down and abandoning module SteamVR (322)
[2017.12.20-21.33.04:245][311]LogModuleManager: Shutting down and abandoning module ProceduralMeshComponentEditor (320)
[2017.12.20-21.33.04:245][311]LogModuleManager: Shutting down and abandoning module ProceduralMeshComponent (318)
[2017.12.20-21.33.04:245][311]LogModuleManager: Shutting down and abandoning module OculusLibrary (316)
[2017.12.20-21.33.04:245][311]LogModuleManager: Shutting down and abandoning module OculusInput (314)
[2017.12.20-21.33.04:245][311]LogModuleManager: Shutting down and abandoning module MobilePatchingUtils (312)
[2017.12.20-21.33.04:245][311]LogModuleManager: Shutting down and abandoning module CustomMeshComponent (310)
[2017.12.20-21.33.04:245][311]LogModuleManager: Shutting down and abandoning module CableComponent (308)
[2017.12.20-21.33.04:245][311]LogModuleManager: Shutting down and abandoning module ArchVisCharacter (306)
[2017.12.20-21.33.04:245][311]LogModuleManager: Shutting down and abandoning module AndroidPermission (304)
[2017.12.20-21.33.04:245][311]LogModuleManager: Shutting down and abandoning module MediaPlayerEditor (300)
[2017.12.20-21.33.04:245][311]LogModuleManager: Shutting down and abandoning module HTML5Networking (298)
[2017.12.20-21.33.04:245][311]LogModuleManager: Shutting down and abandoning module AlembicImporter (296)
[2017.12.20-21.33.04:245][311]LogModuleManager: Shutting down and abandoning module AlembicLibrary (295)
[2017.12.20-21.33.04:245][311]LogModuleManager: Shutting down and abandoning module GeometryCache (294)
[2017.12.20-21.33.04:245][311]LogModuleManager: Shutting down and abandoning module GeometryCacheEd (293)
[2017.12.20-21.33.04:245][311]LogModuleManager: Shutting down and abandoning module SuperSearchEditor (288)
[2017.12.20-21.33.04:245][311]LogModuleManager: Shutting down and abandoning module SuperSearch (287)
[2017.12.20-21.33.04:245][311]LogModuleManager: Shutting down and abandoning module SpeedTreeImporter (284)
[2017.12.20-21.33.04:245][311]LogModuleManager: Shutting down and abandoning module PluginBrowser (282)
[2017.12.20-21.33.04:245][311]LogModuleManager: Shutting down and abandoning module MobileLauncherProfileWizard (280)
[2017.12.20-21.33.04:245][311]LogModuleManager: Shutting down and abandoning module VisualStudioSourceCodeAccess (278)
[2017.12.20-21.33.04:245][311]LogModuleManager: Shutting down and abandoning module DesktopPlatform (277)
[2017.12.20-21.33.04:245][311]LogModuleManager: Shutting down and abandoning module UObjectPlugin (274)
[2017.12.20-21.33.04:245][311]LogModuleManager: Shutting down and abandoning module SubversionSourceControl (272)
[2017.12.20-21.33.04:245][311]LogModuleManager: Shutting down and abandoning module PerforceSourceControl (270)
[2017.12.20-21.33.04:245][311]LogModuleManager: Shutting down and abandoning module GitSourceControl (268)
[2017.12.20-21.33.04:245][311]LogModuleManager: Shutting down and abandoning module SourceControl (267)
[2017.12.20-21.33.04:245][311]LogModuleManager: Shutting down and abandoning module LightPropagationVolumeEditor (264)
[2017.12.20-21.33.04:245][311]LogModuleManager: Shutting down and abandoning module PaperTiledImporter (262)
[2017.12.20-21.33.04:246][311]LogModuleManager: Shutting down and abandoning module PaperSpriteSheetImporter (260)
[2017.12.20-21.33.04:246][311]LogModuleManager: Shutting down and abandoning module Paper2DEditor (258)
[2017.12.20-21.33.04:246][311]LogModuleManager: Shutting down and abandoning module MeshPaint (257)
[2017.12.20-21.33.04:246][311]LogModuleManager: Shutting down and abandoning module LevelEditor (255)
[2017.12.20-21.33.04:246][311]LogModuleManager: Shutting down and abandoning module PixelInspectorModule (254)
[2017.12.20-21.33.04:246][311]LogModuleManager: Shutting down and abandoning module MainFrame (252)
[2017.12.20-21.33.04:246][311]LogModuleManager: Shutting down and abandoning module HotReload (251)
[2017.12.20-21.33.04:248][311]LogModuleManager: Shutting down and abandoning module PhysXVehiclesEditor (246)
[2017.12.20-21.33.04:248][311]LogModuleManager: Shutting down and abandoning module PhysXVehicles (244)
[2017.12.20-21.33.04:248][311]LogModuleManager: Shutting down and abandoning module LocationServicesBPLibrary (242)
[2017.12.20-21.33.04:248][311]LogModuleManager: Shutting down and abandoning module ImmediatePhysicsEditor (240)
[2017.12.20-21.33.04:248][311]LogModuleManager: Shutting down and abandoning module ImmediatePhysics (238)
[2017.12.20-21.33.04:248][311]LogModuleManager: Shutting down and abandoning module UdpMessaging (236)
[2017.12.20-21.33.04:349][311]LogModuleManager: Shutting down and abandoning module TcpMessaging (234)
[2017.12.20-21.33.04:503][311]LogModuleManager: Shutting down and abandoning module GameplayTagsEditor (232)
[2017.12.20-21.33.04:503][311]LogModuleManager: Shutting down and abandoning module FacialAnimationEditor (230)
[2017.12.20-21.33.04:503][311]LogModuleManager: Shutting down and abandoning module FacialAnimation (228)
[2017.12.20-21.33.04:503][311]LogModuleManager: Shutting down and abandoning module AssetManagerEditor (226)
[2017.12.20-21.33.04:503][311]LogModuleManager: Shutting down and abandoning module GraphEditor (225)
[2017.12.20-21.33.04:503][311]LogModuleManager: Shutting down and abandoning module ContentBrowser (223)
[2017.12.20-21.33.04:504][311]LogModuleManager: Shutting down and abandoning module LightPropagationVolumeRuntime (220)
[2017.12.20-21.33.04:504][311]LogModuleManager: Shutting down and abandoning module Paper2D (218)
[2017.12.20-21.33.04:504][311]LogModuleManager: Shutting down and abandoning module WindowsMoviePlayer (216)
[2017.12.20-21.33.04:504][311]LogModuleManager: Shutting down and abandoning module WmfMedia (214)
[2017.12.20-21.33.04:507][311]LogModuleManager: Shutting down and abandoning module ClothingSystemEditor (212)
[2017.12.20-21.33.04:507][311]LogModuleManager: Shutting down and abandoning module ClothingSystemRuntime (210)
[2017.12.20-21.33.04:507][311]LogModuleManager: Shutting down and abandoning module MediaAssets (208)
[2017.12.20-21.33.04:507][311]LogModuleManager: Shutting down and abandoning module GameLiveStreaming (206)
[2017.12.20-21.33.04:507][311]LogModuleManager: Shutting down and abandoning module VREditor (204)
[2017.12.20-21.33.04:507][311]LogModuleManager: Shutting down and abandoning module StringTableEditor (202)
[2017.12.20-21.33.04:507][311]LogModuleManager: Shutting down and abandoning module GameplayTasksEditor (200)
[2017.12.20-21.33.04:507][311]LogModuleManager: Shutting down and abandoning module BehaviorTreeEditor (198)
[2017.12.20-21.33.04:507][311]LogModuleManager: Shutting down and abandoning module FunctionalTesting (196)
[2017.12.20-21.33.04:507][311]LogModuleManager: Shutting down and abandoning module CollisionAnalyzer (194)
[2017.12.20-21.33.04:507][311]LogModuleManager: Shutting down and abandoning module UMG (192)
[2017.12.20-21.33.04:507][311]LogModuleManager: Shutting down and abandoning module UMGEditor (191)
[2017.12.20-21.33.04:507][311]LogModuleManager: Shutting down and abandoning module Sequencer (190)
[2017.12.20-21.33.04:507][311]LogModuleManager: Shutting down and abandoning module AssetTools (188)
[2017.12.20-21.33.04:507][311]LogModuleManager: Shutting down and abandoning module MessageLog (187)
[2017.12.20-21.33.04:507][311]LogModuleManager: Shutting down and abandoning module WorkspaceMenuStructure (186)
[2017.12.20-21.33.04:507][311]LogModuleManager: Shutting down and abandoning module SlateReflector (180)
[2017.12.20-21.33.04:507][311]LogModuleManager: Shutting down and abandoning module Slate (178)
[2017.12.20-21.33.04:507][311]LogModuleManager: Shutting down and abandoning module EditorStyle (176)
[2017.12.20-21.33.04:509][311]LogModuleManager: Shutting down and abandoning module SourceCodeAccess (174)
[2017.12.20-21.33.04:509][311]LogModuleManager: Shutting down and abandoning module HeadMountedDisplay (172)
[2017.12.20-21.33.04:509][311]LogModuleManager: Shutting down and abandoning module XAudio2 (170)
[2017.12.20-21.33.04:509][311]LogModuleManager: Shutting down and abandoning module Networking (168)
[2017.12.20-21.33.04:509][311]LogModuleManager: Shutting down and abandoning module Core (164)
[2017.12.20-21.33.04:509][311]LogModuleManager: Shutting down and abandoning module AssetRegistry (162)
[2017.12.20-21.33.04:625][311]LogDirectoryWatcher: A directory notification for '../../../Engine/Content/' was aborted.
[2017.12.20-21.33.04:625][311]LogDirectoryWatcher: A directory notification for 'D:/Project Liane/Liane/projectliane/projectliane/Content/' was aborted.
[2017.12.20-21.33.04:625][311]LogDirectoryWatcher: A directory notification for '../../../Engine/Plugins/2D/Paper2D/Content/' was aborted.
[2017.12.20-21.33.04:625][311]LogDirectoryWatcher: A directory notification for '../../../Engine/Plugins/Runtime/GearVR/Content/' was aborted.
[2017.12.20-21.33.04:634][311]LogModuleManager: Shutting down and abandoning module DirectoryWatcher (161)
[2017.12.20-21.33.04:634][311]LogModuleManager: Shutting down and abandoning module KismetCompiler (158)
[2017.12.20-21.33.04:634][311]LogModuleManager: Shutting down and abandoning module LevelSequence (156)
[2017.12.20-21.33.04:634][311]LogModuleManager: Shutting down and abandoning module PhysXFormats (154)
[2017.12.20-21.33.04:634][311]LogModuleManager: Shutting down and abandoning module MeshUtilities (152)
[2017.12.20-21.33.04:634][311]LogModuleManager: Shutting down and abandoning module SimplygonSwarm (151)
[2017.12.20-21.33.04:635][311]LogModuleManager: Shutting down and abandoning module SimplygonMeshReduction (149)
[2017.12.20-21.33.04:635][311]LogModuleManager: Shutting down and abandoning module QuadricMeshReduction (147)
[2017.12.20-21.33.04:635][311]LogModuleManager: Shutting down and abandoning module DerivedDataCache (144)
[2017.12.20-21.33.04:655][311]LogDerivedDataCache: Shutdown
[2017.12.20-21.33.04:655][311]LogModuleManager: Shutting down and abandoning module TargetPlatform (142)
[2017.12.20-21.33.04:655][311]LogModuleManager: Shutting down and abandoning module VulkanShaderFormat (141)
[2017.12.20-21.33.04:655][311]LogModuleManager: Shutting down and abandoning module ShaderFormatVectorVM (139)
[2017.12.20-21.33.04:655][311]LogModuleManager: Shutting down and abandoning module ShaderFormatOpenGL (137)
[2017.12.20-21.33.04:655][311]LogModuleManager: Shutting down and abandoning module ShaderFormatD3D (135)
[2017.12.20-21.33.04:655][311]LogModuleManager: Shutting down and abandoning module MetalShaderFormat (133)
[2017.12.20-21.33.04:655][311]LogModuleManager: Shutting down and abandoning module TextureFormatUncompressed (131)
[2017.12.20-21.33.04:655][311]LogModuleManager: Shutting down and abandoning module TextureFormatPVR (129)
[2017.12.20-21.33.04:655][311]LogModuleManager: Shutting down and abandoning module TextureFormatDXT (127)
[2017.12.20-21.33.04:655][311]LogModuleManager: Shutting down and abandoning module TextureFormatIntelISPCTexComp (125)
[2017.12.20-21.33.04:655][311]LogModuleManager: Shutting down and abandoning module TextureFormatASTC (123)
[2017.12.20-21.33.04:655][311]LogModuleManager: Shutting down and abandoning module ImageWrapper (122)
[2017.12.20-21.33.04:655][311]LogModuleManager: Shutting down and abandoning module TextureFormatAndroid (119)
[2017.12.20-21.33.04:655][311]LogModuleManager: Shutting down and abandoning module AudioFormatOpus (117)
[2017.12.20-21.33.04:655][311]LogModuleManager: Shutting down and abandoning module AudioFormatOgg (115)
[2017.12.20-21.33.04:655][311]LogModuleManager: Shutting down and abandoning module AudioFormatADPCM (113)
[2017.12.20-21.33.04:655][311]LogModuleManager: Shutting down and abandoning module LinuxTargetPlatform (111)
[2017.12.20-21.33.04:655][311]LogModuleManager: Shutting down and abandoning module LinuxServerTargetPlatform (109)
[2017.12.20-21.33.04:655][311]LogModuleManager: Shutting down and abandoning module LinuxNoEditorTargetPlatform (107)
[2017.12.20-21.33.04:655][311]LogModuleManager: Shutting down and abandoning module LinuxClientTargetPlatform (105)
[2017.12.20-21.33.04:655][311]LogModuleManager: Shutting down and abandoning module TVOSTargetPlatform (103)
[2017.12.20-21.33.04:655][311]LogModuleManager: Shutting down and abandoning module Messaging (101)
[2017.12.20-21.33.04:655][311]LogModuleManager: Shutting down and abandoning module IOSTargetPlatform (99)
[2017.12.20-21.33.04:655][311]LogModuleManager: Shutting down and abandoning module HTML5TargetPlatform (97)
[2017.12.20-21.33.04:655][311]LogModuleManager: Shutting down and abandoning module Android_PVRTCTargetPlatform (95)
[2017.12.20-21.33.04:655][311]LogModuleManager: Shutting down and abandoning module Android_MultiTargetPlatform (93)
[2017.12.20-21.33.04:655][311]LogModuleManager: Shutting down and abandoning module Android_ETC2TargetPlatform (91)
[2017.12.20-21.33.04:655][311]LogModuleManager: Shutting down and abandoning module Android_ETC1TargetPlatform (89)
[2017.12.20-21.33.04:655][311]LogModuleManager: Shutting down and abandoning module Android_DXTTargetPlatform (87)
[2017.12.20-21.33.04:655][311]LogModuleManager: Shutting down and abandoning module Android_ATCTargetPlatform (85)
[2017.12.20-21.33.04:655][311]LogModuleManager: Shutting down and abandoning module Android_ASTCTargetPlatform (83)
[2017.12.20-21.33.04:655][311]LogModuleManager: Shutting down and abandoning module AndroidTargetPlatform (81)
[2017.12.20-21.33.04:655][311]LogModuleManager: Shutting down and abandoning module WindowsTargetPlatform (79)
[2017.12.20-21.33.04:655][311]LogModuleManager: Shutting down and abandoning module WindowsServerTargetPlatform (77)
[2017.12.20-21.33.04:655][311]LogModuleManager: Shutting down and abandoning module WindowsNoEditorTargetPlatform (75)
[2017.12.20-21.33.04:655][311]LogModuleManager: Shutting down and abandoning module WindowsClientTargetPlatform (73)
[2017.12.20-21.33.04:655][311]LogModuleManager: Shutting down and abandoning module MacTargetPlatform (71)
[2017.12.20-21.33.04:655][311]LogModuleManager: Shutting down and abandoning module MacServerTargetPlatform (69)
[2017.12.20-21.33.04:655][311]LogModuleManager: Shutting down and abandoning module MacNoEditorTargetPlatform (67)
[2017.12.20-21.33.04:655][311]LogModuleManager: Shutting down and abandoning module MacClientTargetPlatform (65)
[2017.12.20-21.33.04:655][311]LogModuleManager: Shutting down and abandoning module AllDesktopTargetPlatform (63)
[2017.12.20-21.33.04:655][311]LogModuleManager: Shutting down and abandoning module InputCore (60)
[2017.12.20-21.33.04:655][311]LogModuleManager: Shutting down and abandoning module Settings (58)
[2017.12.20-21.33.04:655][311]LogModuleManager: Shutting down and abandoning module OculusRift (56)
[2017.12.20-21.33.04:655][311]LogModuleManager: Shutting down and abandoning module GearVRController (54)
[2017.12.20-21.33.04:655][311]LogModuleManager: Shutting down and abandoning module GearVR (52)
[2017.12.20-21.33.04:655][311]LogModuleManager: Shutting down and abandoning module ExampleDeviceProfileSelector (50)
[2017.12.20-21.33.04:655][311]LogModuleManager: Shutting down and abandoning module OnlineBlueprintSupport (48)
[2017.12.20-21.33.04:655][311]LogModuleManager: Shutting down and abandoning module OnlineSubsystem (44)
[2017.12.20-21.33.04:655][311]LogOnline:Display: Unloading online subsystem: NULL
[2017.12.20-21.33.04:655][311]LogModuleManager: Shutting down and abandoning module XMPP (43)
[2017.12.20-21.33.04:655][311]LogModuleManager: Shutting down and abandoning module HTTP (41)
[2017.12.20-21.33.04:655][311]LogHttp:Display: Http module shutting down, but needs to wait on 1 outstanding Http requests:
[2017.12.20-21.33.04:655][311]LogHttp:Display: 	verb=[POST] url=[https://datarouter.ol.epicgames.com/datarouter/api/v1/public/data?SessionID=%7B5FDADB42-408C-2DB2-26A7-8FB22E885243%7D&AppID=UEEditor.Rocket.Release&AppVersion=4.16.3-3561208%2B%2B%2BUE4%2BRelease-4.16&UserID=709c02a842496b3883880182ae399911%7C4f60e203c4be4c5f998abc638ffc2ebf%7C221ee007-88fa-4364-bc17-c8cc1651df5a&AppEnvironment=datacollector-binary&UploadType=eteventstream] status=Processing
[2017.12.20-21.33.04:681][311]LogModuleManager: Shutting down and abandoning module SSL (40)
[2017.12.20-21.33.04:682][311]LogModuleManager: Shutting down and abandoning module HTTPChunkInstaller (36)
[2017.12.20-21.33.04:682][311]LogModuleManager: Shutting down and abandoning module AnimationModifiers (34)
[2017.12.20-21.33.04:682][311]LogModuleManager: Shutting down and abandoning module PropertyEditor (33)
[2017.12.20-21.33.04:682][311]LogModuleManager: Shutting down and abandoning module AudioEditor (30)
[2017.12.20-21.33.04:682][311]LogModuleManager: Shutting down and abandoning module TextureCompressor (28)
[2017.12.20-21.33.04:682][311]LogModuleManager: Shutting down and abandoning module ShaderCore (26)
[2017.12.20-21.33.04:682][311]LogModuleManager: Shutting down and abandoning module Landscape (24)
[2017.12.20-21.33.04:682][311]LogModuleManager: Shutting down and abandoning module SlateRHIRenderer (22)
[2017.12.20-21.33.04:683][311]LogModuleManager: Shutting down and abandoning module OpenGLDrv (20)
[2017.12.20-21.33.04:683][311]LogModuleManager: Shutting down and abandoning module D3D11RHI (18)
[2017.12.20-21.33.04:683][311]LogModuleManager: Shutting down and abandoning module AnimGraphRuntime (16)
[2017.12.20-21.33.04:683][311]LogModuleManager: Shutting down and abandoning module Renderer (14)
[2017.12.20-21.33.04:683][311]LogModuleManager: Shutting down and abandoning module Engine (12)
[2017.12.20-21.33.04:683][311]LogModuleManager: Shutting down and abandoning module CoreUObject (10)
[2017.12.20-21.33.04:683][311]LogModuleManager: Shutting down and abandoning module NetworkFile (8)
[2017.12.20-21.33.04:683][311]LogModuleManager: Shutting down and abandoning module StreamingFile (6)
[2017.12.20-21.33.04:683][311]LogModuleManager: Shutting down and abandoning module SandboxFile (4)
[2017.12.20-21.33.04:683][311]LogModuleManager: Shutting down and abandoning module PakFile (2)
[2017.12.20-21.33.04:684][311]LogExit: Exiting.
[2017.12.20-21.33.04:699][311]Log file closed, 12/20/17 13:33:04
