Log file open, 10/25/17 15:44:54
LogInit:Display: Running engine for game: projectliane
LogPlatformFile: Not using cached read wrapper
LogInit:Display: RandInit(-794306407) SRandInit(-794306407).
LogTaskGraph: Started task graph with 5 named threads and 8 total threads with 1 sets of task threads.
LogStats: Stats thread started at 0.107524
LogInit: Using libcurl 7.47.1
LogInit:  - built for x86_64-pc-win32
LogInit:  - supports SSL with OpenSSL/1.0.2g
LogInit:  - supports HTTP deflate (compression) using libz 1.2.8
LogInit:  - other features:
LogInit:      CURL_VERSION_SSL
LogInit:      CURL_VERSION_LIBZ
LogInit:      CURL_VERSION_IPV6
LogInit:      CURL_VERSION_ASYNCHDNS
LogInit:      CURL_VERSION_LARGEFILE
LogInit:      CURL_VERSION_IDN
LogInit:  CurlRequestOptions (configurable via config and command line):
LogInit:  - bVerifyPeer = false  - Libcurl will NOT verify peer certificate
LogInit:  - bUseHttpProxy = false  - Libcurl will NOT use HTTP proxy
LogInit:  - bDontReuseConnections = false  - Libcurl will reuse connections
LogInit:  - CertBundlePath = nullptr  - Libcurl will use whatever was configured at build time.
LogInit: Build: ++UE4+Release-4.16-CL-3561208
LogInit: Engine Version: 4.16.3-3561208+++UE4+Release-4.16
LogInit: Compatible Engine Version: 4.16.0-3452394+++UE4+Release-4.16
LogInit: Net CL: 3452394
LogDevObjectVersion: Number of dev versions registered: 16
LogDevObjectVersion:   Dev-Blueprints (B0D832E4-1F89-4F0D-ACCF-7EB736FD4AA2): 9
LogDevObjectVersion:   Dev-Build (E1C64328-A22C-4D53-A36C-8E866417BD8C): 0
LogDevObjectVersion:   Dev-Core (375EC13C-06E4-48FB-B500-84F0262A717E): 2
LogDevObjectVersion:   Dev-Editor (E4B068ED-F494-42E9-A231-DA0B2E46BB41): 17
LogDevObjectVersion:   Dev-Framework (CFFC743F-43B0-4480-9391-14DF171D2073): 23
LogDevObjectVersion:   Dev-Mobile (B02B49B5-BB20-44E9-A304-32B752E40360): 0
LogDevObjectVersion:   Dev-Networking (A4E4105C-59A1-49B5-A7C5-40C4547EDFEE): 0
LogDevObjectVersion:   Dev-Online (39C831C9-5AE6-47DC-9A44-9C173E1C8E7C): 0
LogDevObjectVersion:   Dev-Physics (78F01B33-EBEA-4F98-B9B4-84EACCB95AA2): 0
LogDevObjectVersion:   Dev-Platform (6631380F-2D4D-43E0-8009-CF276956A95A): 0
LogDevObjectVersion:   Dev-Rendering (12F88B9F-8875-4AFC-A67C-D90C383ABD29): 15
LogDevObjectVersion:   Dev-Sequencer (7B5AE74C-D270-4C10-A958-57980B212A5A): 4
LogDevObjectVersion:   Dev-VR (D7296918-1DD6-4BDD-9DE2-64A83CC13884): 0
LogDevObjectVersion:   Dev-LoadTimes (C2A15278-BFE7-4AFE-6C17-90FF531DF755): 1
LogDevObjectVersion:   Private-Geometry (6EACA3D4-40EC-4CC1-B786-8BED09428FC5): 1
LogDevObjectVersion:   Dev-AnimPhys (29E575DD-E0A3-4627-9D10-D276232CDCEA): 3
LogInit: Compiled (64-bit): Jul 28 2017 11:49:47
LogInit: Compiled with Visual C++: 19.00.24215.01
LogInit: Build Configuration: Development
LogInit: Branch Name: ++UE4+Release-4.16
LogInit: Command line: 
LogInit: Base directory: C:/Program Files/Epic Games/UE_4.16/Engine/Binaries/Win64/
LogInit: Installed Engine Build: 1
LogInit: Presizing for max 8388607 objects, including 0 objects not considered by GC, pre-allocating 0 bytes for permanent pool.
LogInit: Object subsystem initialized
[2017.10.25-22.44.54:667][  0]LogInit: Selected Device Profile: [Windows]
[2017.10.25-22.44.54:667][  0]LogInit: Applying CVar settings loaded from the selected device profile: [Windows]
[2017.10.25-22.44.54:708][  0]LogInit: Computer: DESKTOP-7JDBQ6E
[2017.10.25-22.44.54:708][  0]LogInit: User: KalebNekumanesh
[2017.10.25-22.44.54:708][  0]LogInit: CPU Page size=4096, Cores=4
[2017.10.25-22.44.54:708][  0]LogInit: High frequency timer resolution =2.531249 MHz
[2017.10.25-22.44.54:708][  0]LogMemory: Memory total: Physical=7.9GB (8GB approx)
[2017.10.25-22.44.54:708][  0]LogMemory: Platform Memory Stats for Windows
[2017.10.25-22.44.54:708][  0]LogMemory: Process Physical Memory: 273.75 MB used, 273.75 MB peak
[2017.10.25-22.44.54:708][  0]LogMemory: Process Virtual Memory: 260.95 MB used, 260.95 MB peak
[2017.10.25-22.44.54:708][  0]LogMemory: Physical Memory: 4959.66 MB used,  3093.25 MB free, 8052.91 MB total
[2017.10.25-22.44.54:708][  0]LogMemory: Virtual Memory: 638.48 MB used,  3093.25 MB free, 134217728.00 MB total
[2017.10.25-22.44.54:797][  0]LogInit: Using OS detected language (en-US).
[2017.10.25-22.44.54:797][  0]LogInit: Using OS detected locale (en-US).
[2017.10.25-22.44.54:855][  0]LogTextLocalizationManager: No specific localization for 'en-US' exists, so the 'en' localization will be used.
[2017.10.25-22.44.58:527][  0]LogD3D11RHI: D3D11 adapters:
[2017.10.25-22.44.59:187][  0]LogD3D11RHI:    0. 'NVIDIA GeForce GTX 960M' (Feature Level 11_0)
[2017.10.25-22.44.59:187][  0]LogD3D11RHI:       4065/0/4026 MB DedicatedVideo/DedicatedSystem/SharedSystem, Outputs:2, VendorId:0x10de
[2017.10.25-22.44.59:196][  0]LogD3D11RHI:    1. 'Intel(R) HD Graphics 530' (Feature Level 11_0)
[2017.10.25-22.44.59:196][  0]LogD3D11RHI:       128/0/4026 MB DedicatedVideo/DedicatedSystem/SharedSystem, Outputs:0, VendorId:0x8086
[2017.10.25-22.44.59:197][  0]LogD3D11RHI:    2. 'Microsoft Basic Render Driver' (Feature Level 11_0)
[2017.10.25-22.44.59:197][  0]LogD3D11RHI:       0/0/4026 MB DedicatedVideo/DedicatedSystem/SharedSystem, Outputs:0, VendorId:0x1414
[2017.10.25-22.44.59:197][  0]LogD3D11RHI: Chosen D3D11 Adapter: 0
[2017.10.25-22.44.59:235][  0]LogD3D11RHI: Creating new Direct3DDevice
[2017.10.25-22.44.59:235][  0]LogD3D11RHI:     GPU DeviceId: 0x139b (for the marketing name, search the web for "GPU Device Id")
[2017.10.25-22.44.59:235][  0]LogWindows: EnumDisplayDevices:
[2017.10.25-22.44.59:235][  0]LogWindows:    0. 'Intel(R) HD Graphics 530' (P:1 D:1)
[2017.10.25-22.44.59:235][  0]LogWindows:    1. 'Intel(R) HD Graphics 530' (P:0 D:1)
[2017.10.25-22.44.59:235][  0]LogWindows:    2. 'Intel(R) HD Graphics 530' (P:0 D:0)
[2017.10.25-22.44.59:236][  0]LogWindows: DebugString: PrimaryIsNotTheChoosenAdapter PrimaryIsNotTheChoosenAdapter PrimaryIsNotTheChoosenAdapter FoundDriverCount:0 
[2017.10.25-22.44.59:236][  0]LogD3D11RHI:     Adapter Name: NVIDIA GeForce GTX 960M
[2017.10.25-22.44.59:236][  0]LogD3D11RHI:   Driver Version: Unknown (internal:Unknown, unified:Unknown)
[2017.10.25-22.44.59:236][  0]LogD3D11RHI:      Driver Date: Unknown
[2017.10.25-22.44.59:236][  0]LogRHI: Texture pool is 1361 MB (70% of 1945 MB)
[2017.10.25-22.44.59:859][  0]LogD3D11RHI: Async texture creation enabled
[2017.10.25-22.44.59:907][  0]LogD3D11RHI: GPU Timing Frequency: 1000.000000 (Debug: 2 1)
[2017.10.25-22.44.59:908][  0]LogShaderCompilers: Guid format shader working directory is -42 characters bigger than the processId version (../../../../../../Users/Kaleb Nekumanesh/Desktop/ProjectLianeRepository/projectliane/projectliane/Intermediate/Shaders/WorkingDirectory/161696/).
[2017.10.25-22.44.59:908][  0]LogShaderCompilers: Cleaned the shader compiler working directory 'C:/Users/Kaleb Nekumanesh/AppData/Local/Temp/UnrealShaderWorkingDir/E814C22047559AED0F365197C49C18D2/'.
[2017.10.25-22.44.59:908][  0]LogShaderCompilers:Display: Using Local Shader Compiler.
[2017.10.25-22.45.01:985][  0]LogTemp:Display: Loaded TP AllDesktopTargetPlatform
[2017.10.25-22.45.02:037][  0]LogTemp:Display: Loaded TP MacClientTargetPlatform
[2017.10.25-22.45.02:092][  0]LogTemp:Display: Loaded TP MacNoEditorTargetPlatform
[2017.10.25-22.45.02:149][  0]LogTemp:Display: Loaded TP MacServerTargetPlatform
[2017.10.25-22.45.02:210][  0]LogTemp:Display: Loaded TP MacTargetPlatform
[2017.10.25-22.45.02:262][  0]LogTemp:Display: Loaded TP WindowsClientTargetPlatform
[2017.10.25-22.45.02:314][  0]LogTemp:Display: Loaded TP WindowsNoEditorTargetPlatform
[2017.10.25-22.45.02:367][  0]LogTemp:Display: Loaded TP WindowsServerTargetPlatform
[2017.10.25-22.45.02:423][  0]LogTemp:Display: Loaded TP WindowsTargetPlatform
[2017.10.25-22.45.02:479][  0]LogTemp:Display: Loaded TP AndroidTargetPlatform
[2017.10.25-22.45.02:530][  0]LogTemp:Display: Loaded TP Android_ASTCTargetPlatform
[2017.10.25-22.45.02:583][  0]LogTemp:Display: Loaded TP Android_ATCTargetPlatform
[2017.10.25-22.45.02:635][  0]LogTemp:Display: Loaded TP Android_DXTTargetPlatform
[2017.10.25-22.45.02:695][  0]LogTemp:Display: Loaded TP Android_ETC1TargetPlatform
[2017.10.25-22.45.02:745][  0]LogTemp:Display: Loaded TP Android_ETC2TargetPlatform
[2017.10.25-22.45.02:855][  0]LogTemp:Display: Loaded TP Android_MultiTargetPlatform
[2017.10.25-22.45.02:855][  0]LogTemp:Display: Loaded TP Android_PVRTCTargetPlatform
[2017.10.25-22.45.02:901][  0]LogTemp:Display: Loaded TP HTML5TargetPlatform
[2017.10.25-22.45.03:008][  0]LogTemp:Display: Loaded TP IOSTargetPlatform
[2017.10.25-22.45.03:038][  0]LogTemp:Display: Loaded TP TVOSTargetPlatform
[2017.10.25-22.45.03:089][  0]LogTemp:Display: Loaded TP LinuxClientTargetPlatform
[2017.10.25-22.45.03:146][  0]LogTemp:Display: Loaded TP LinuxNoEditorTargetPlatform
[2017.10.25-22.45.03:197][  0]LogTemp:Display: Loaded TP LinuxServerTargetPlatform
[2017.10.25-22.45.03:253][  0]LogTemp:Display: Loaded TP LinuxTargetPlatform
[2017.10.25-22.45.03:253][  0]LogTargetPlatformManager:Display: Building Assets For Windows
[2017.10.25-22.45.03:768][  0]LogDerivedDataCache:Display: Max Cache Size: 512 MB
[2017.10.25-22.45.03:912][  0]LogDerivedDataCache: Loaded boot cache 0.14s 102MB C:/Users/Kaleb Nekumanesh/AppData/Local/UnrealEngine/4.16/DerivedDataCache/Boot.ddc.
[2017.10.25-22.45.03:912][  0]LogDerivedDataCache:Display: Loaded Boot cache: C:/Users/Kaleb Nekumanesh/AppData/Local/UnrealEngine/4.16/DerivedDataCache/Boot.ddc
[2017.10.25-22.45.03:912][  0]LogDerivedDataCache: FDerivedDataBackendGraph:  Pak pak cache file ../../../../../../Users/Kaleb Nekumanesh/Desktop/ProjectLianeRepository/projectliane/projectliane/DerivedDataCache/DDC.ddp not found, will not use a pak cache.
[2017.10.25-22.45.03:912][  0]LogDerivedDataCache: Unable to find inner node Pak for hierarchical cache Hierarchy.
[2017.10.25-22.45.03:912][  0]LogDerivedDataCache: FDerivedDataBackendGraph:  CompressedPak pak cache file ../../../../../../Users/Kaleb Nekumanesh/Desktop/ProjectLianeRepository/projectliane/projectliane/DerivedDataCache/Compressed.ddp not found, will not use a pak cache.
[2017.10.25-22.45.03:912][  0]LogDerivedDataCache: Unable to find inner node CompressedPak for hierarchical cache Hierarchy.
[2017.10.25-22.45.03:930][  0]LogDerivedDataCache:Display: Pak cache opened for reading ../../../Engine/DerivedDataCache/Compressed.ddp.
[2017.10.25-22.45.03:943][  0]LogDerivedDataCache: Using Local data cache path C:/Users/Kaleb Nekumanesh/AppData/Local/UnrealEngine/Common/DerivedDataCache: Writable
[2017.10.25-22.45.03:955][  0]LogMaterial: Verifying Global Shaders for PCD3D_SM5
[2017.10.25-22.45.03:955][  0]LogSlate: Using Freetype 2.6.0
[2017.10.25-22.45.03:986][  0]LogSlate: SlateFontCache - WITH_FREETYPE: 1, WITH_HARFBUZZ: 1
[2017.10.25-22.45.03:986][  0]LogSlate: SlateFontCache - WITH_FREETYPE: 1, WITH_HARFBUZZ: 1
[2017.10.25-22.45.04:675][  0]LogInit: Selected Device Profile: [Windows]
[2017.10.25-22.45.04:793][  0]LogContentStreaming: Texture pool size is 0.00 MB
[2017.10.25-22.45.04:982][  0]LogMeshUtilities: Using QuadricMeshReduction for automatic static mesh reduction
[2017.10.25-22.45.05:058][  0]LogSimplygon: Simplygon DLL not present - disabling.
[2017.10.25-22.45.05:149][  0]LogMeshUtilities: Using SimplygonSwarm for distributed automatic mesh merging
[2017.10.25-22.45.05:149][  0]LogMeshUtilities: No automatic skeletal mesh reduction module available
[2017.10.25-22.45.05:149][  0]LogMeshUtilities: No automatic mesh merging module available
[2017.10.25-22.45.05:992][  0]LogNetVersion: projectliane , NetCL: 3452394, EngineNetVer: 2, GameNetVer: 0 (Checksum: 3551988686)
[2017.10.25-22.45.06:058][  0]LogAssetRegistry: FAssetRegistry took 0.0265 seconds to start up
[2017.10.25-22.45.06:159][  0]LogPackageLocalizationCache: Processed 4 localized package path(s) for 2 prioritized culture(s) in 0.070178 seconds
[2017.10.25-22.45.06:167][  0]LogUObjectArray: 34194 objects as part of root set at end of initial load.
[2017.10.25-22.45.06:167][  0]LogUObjectAllocator: 7260424 out of 0 bytes used by permanent object pool.
[2017.10.25-22.45.06:167][  0]LogUObjectArray: CloseDisregardForGC: 0/0 objects in disregard for GC pool
[2017.10.25-22.45.06:238][  0]LogInit: WinSock: version 1.1 (2.2), MaxSocks=32767, MaxUdp=65467
[2017.10.25-22.45.13:153][  0]LogTcpMessaging: Initializing TcpMessaging bridge
[2017.10.25-22.45.13:199][  0]LogUdpMessaging: Initializing bridge on interface 0.0.0.0:0 to multicast group 230.0.0.1:6666.
[2017.10.25-22.45.13:959][  0]LogMaterial: Uniform references updated for custom material expression Custom.
[2017.10.25-22.45.14:416][  0]SourceControl: Info Source control is disabled
[2017.10.25-22.45.14:417][  0]SourceControl: Info Source control is disabled
[2017.10.25-22.45.14:469][  0]SourceControl: Info Source control is disabled
[2017.10.25-22.45.14:519][  0]SourceControl: Info Source control is disabled
[2017.10.25-22.45.15:293][  0]LogAndroidPermission: UAndroidPermissionCallbackProxy::GetInstance
[2017.10.25-22.45.16:045][  0]LogEngine: Initializing Engine...
[2017.10.25-22.45.16:045][  0]LogHMD: Failed to initialize OpenVR with code 110
[2017.10.25-22.45.16:339][  0]LogStats: UGameplayTagsManager::ConstructGameplayTagTree: Construct from data asset -  0.000 s
[2017.10.25-22.45.16:339][  0]LogStats: UGameplayTagsManager::ConstructGameplayTagTree: GameplayTagTreeChangedEvent.Broadcast -  0.000 s
[2017.10.25-22.45.16:475][  0]LogAIModule: Creating AISystem for world Untitled
[2017.10.25-22.45.16:487][  0]LogInit: XAudio2 using 'Speakers / Headphones (Realtek High Definition Audio)' : 2 channels at 48 kHz using 32 bits per sample (channel mask 0x3)
[2017.10.25-22.45.16:512][  0]LogInit: FAudioDevice initialized.
[2017.10.25-22.45.16:581][  0]LogDerivedDataCache: Saved boot cache 0.07s 102MB C:/Users/Kaleb Nekumanesh/AppData/Local/UnrealEngine/4.16/DerivedDataCache/Boot.ddc.
[2017.10.25-22.45.16:605][  0]LogInit: Texture streaming: Enabled
[2017.10.25-22.45.16:705][  0]LogEngineSessionManager: EngineSessionManager initialized
[2017.10.25-22.45.17:159][  0]LogInit: Transaction tracking system initialized
[2017.10.25-22.45.17:495][  0]BlueprintLog: New page: Editor Load
[2017.10.25-22.45.18:509][  0]LocalizationService: Info Localization service is disabled
[2017.10.25-22.45.19:267][  0]LogConsoleResponse:Display: 
[2017.10.25-22.45.19:438][  0]LogCook:Display: Max memory allowance for cook 16384mb min free memory 0mb
[2017.10.25-22.45.19:438][  0]LogCook:Display: Mobile HDR setting 1
[2017.10.25-22.45.19:609][  0]LogFileCache: Scanning file cache for directory 'C:/Users/Kaleb Nekumanesh/Desktop/ProjectLianeRepository/projectliane/projectliane/Content/' took 0.02s
[2017.10.25-22.45.20:600][  0]SourceControl: Info Source control is disabled
[2017.10.25-22.45.20:600][  0]LightingResults: New page: Lighting Build
[2017.10.25-22.45.20:644][  0]MapCheck: New page: Map Check
[2017.10.25-22.45.20:644][  0]LightingResults: New page: Lighting Build
[2017.10.25-22.45.21:105][  0]LogBlueprint:Warning: [Compiler BP_PhotoPawn] Warning InputAction Event references unknown Action 'ToggleFocusForAdjustmentsWidget' for  InputAction ToggleFocusForAdjustmentsWidget
[2017.10.25-22.45.21:106][  0]LogBlueprint:Warning: [Compiler BP_PhotoPawn] Warning InputAction Event references unknown Action 'ToggleAdjustmentsWidget' for  InputAction ToggleAdjustmentsWidget
[2017.10.25-22.45.21:107][  0]LogBlueprint:Warning: [Compiler BP_PhotoPawn] Warning Input Axis Event references unknown Axis 'MoveUp' for  InputAxis MoveUp
[2017.10.25-22.45.21:112][  0]LogBlueprint:Warning: [Compiler BP_PhotoPawn] Warning [0029.92] Compile of BP_PhotoPawn successful, but with 3 Warning(s) [in 13 ms] (/Game/PhotoMode/Blueprints/BP_PhotoPawn.BP_PhotoPawn)
[2017.10.25-22.45.21:115][  0]LogBlueprint:Warning: [Compiler BP_PhotoPawn] Warning [0029.92] Compile of BP_PhotoPawn successful, but with 4 Warning(s) [in 3 ms] (/Game/PhotoMode/Blueprints/BP_PhotoPawn.BP_PhotoPawn)
[2017.10.25-22.45.21:115][  0]LogBlueprint:Warning: [Compiler BP_PhotoPawn] Warning [0029.92] Compile of BP_PhotoPawn successful, but with 5 Warning(s) [in 0 ms] (/Game/PhotoMode/Blueprints/BP_PhotoPawn.BP_PhotoPawn)
[2017.10.25-22.45.21:200][  0]LogBlueprint:Warning: [Compiler BP_PhotoPawn] Warning InputAction Event references unknown Action 'ToggleFocusForAdjustmentsWidget' for  InputAction ToggleFocusForAdjustmentsWidget
[2017.10.25-22.45.21:200][  0]LogBlueprint:Warning: [Compiler BP_PhotoPawn] Warning InputAction Event references unknown Action 'ToggleAdjustmentsWidget' for  InputAction ToggleAdjustmentsWidget
[2017.10.25-22.45.21:201][  0]LogBlueprint:Warning: [Compiler BP_PhotoPawn] Warning Input Axis Event references unknown Axis 'MoveUp' for  InputAxis MoveUp
[2017.10.25-22.45.21:208][  0]LogBlueprint:Warning: [Compiler BP_PhotoPawn] Warning [0030.02] Compile of BP_PhotoPawn successful, but with 3 Warning(s) [in 13 ms] (/Game/PhotoMode/Blueprints/BP_PhotoPawn.BP_PhotoPawn)
[2017.10.25-22.45.21:208][  0]LogBlueprint:Warning: [Compiler BP_PhotoPawn] Warning [0030.02] Compile of BP_PhotoPawn successful, but with 4 Warning(s) [in 0 ms] (/Game/PhotoMode/Blueprints/BP_PhotoPawn.BP_PhotoPawn)
[2017.10.25-22.45.21:211][  0]LogBlueprint:Warning: [Compiler BP_PhotoPawn] Warning [0030.02] Compile of BP_PhotoPawn successful, but with 5 Warning(s) [in 3 ms] (/Game/PhotoMode/Blueprints/BP_PhotoPawn.BP_PhotoPawn)
[2017.10.25-22.45.21:488][  0]LogBlueprint:Warning: [Compiler ThirdPersonCharacter] Warning InputAction Event references unknown Action 'PhotoMode' for  InputAction PhotoMode
[2017.10.25-22.45.21:497][  0]LogBlueprint:Warning: [Compiler ThirdPersonCharacter] Warning InputAction Event references unknown Action 'Aim' for  InputAction Aim
[2017.10.25-22.45.21:498][  0]LogBlueprint:Warning: [Compiler ThirdPersonCharacter] Warning InputAction Event references unknown Action 'Light' for  InputAction Light
[2017.10.25-22.45.21:498][  0]LogBlueprint:Warning: [Compiler ThirdPersonCharacter] Warning InputAction Event references unknown Action 'Run' for  InputAction Run
[2017.10.25-22.45.21:498][  0]LogBlueprint:Warning: [Compiler ThirdPersonCharacter] Warning InputAction Event references unknown Action 'Pause' for  InputAction Pause
[2017.10.25-22.45.21:498][  0]LogBlueprint:Warning: [Compiler ThirdPersonCharacter] Warning InputAction Event references unknown Action 'Crouch' for  InputAction Crouch
[2017.10.25-22.45.21:498][  0]LogBlueprint:Warning: [Compiler ThirdPersonCharacter] Warning InputAction Event references unknown Action 'Aim' for  InputAction Aim
[2017.10.25-22.45.21:515][  0]LogBlueprint:Warning: [Compiler ThirdPersonCharacter] Warning Selected override setting on  Focal Region  in  ThirdPersonCharacter  is no longer a supported workflow and it is advised that you refactor your Blueprint to not use it!
[2017.10.25-22.45.21:515][  0]LogBlueprint:Warning: [Compiler ThirdPersonCharacter] Warning Selected override setting on  Focal Region  in  ThirdPersonCharacter  is no longer a supported workflow and it is advised that you refactor your Blueprint to not use it!
[2017.10.25-22.45.21:518][  0]LogBlueprint:Warning: [Compiler ThirdPersonCharacter] Warning [0030.33] Compile of ThirdPersonCharacter successful, but with 9 Warning(s) [in 63 ms] (/Game/ThirdPersonBP/Blueprints/ThirdPersonCharacter.ThirdPersonCharacter)
[2017.10.25-22.45.21:518][  0]LogBlueprint:Warning: [Compiler ThirdPersonCharacter] Warning [0030.33] Compile of ThirdPersonCharacter successful, but with 10 Warning(s) [in 0 ms] (/Game/ThirdPersonBP/Blueprints/ThirdPersonCharacter.ThirdPersonCharacter)
[2017.10.25-22.45.21:518][  0]LogBlueprint:Warning: [Compiler ThirdPersonCharacter] Warning [0030.33] Compile of ThirdPersonCharacter successful, but with 11 Warning(s) [in 0 ms] (/Game/ThirdPersonBP/Blueprints/ThirdPersonCharacter.ThirdPersonCharacter)
[2017.10.25-22.45.21:545][  0]LogBlueprint:Warning: [Compiler ThirdPersonCharacter] Warning InputAction Event references unknown Action 'PhotoMode' for  InputAction PhotoMode
[2017.10.25-22.45.21:547][  0]LogBlueprint:Warning: [Compiler ThirdPersonCharacter] Warning InputAction Event references unknown Action 'Aim' for  InputAction Aim
[2017.10.25-22.45.21:548][  0]LogBlueprint:Warning: [Compiler ThirdPersonCharacter] Warning InputAction Event references unknown Action 'Light' for  InputAction Light
[2017.10.25-22.45.21:548][  0]LogBlueprint:Warning: [Compiler ThirdPersonCharacter] Warning InputAction Event references unknown Action 'Run' for  InputAction Run
[2017.10.25-22.45.21:548][  0]LogBlueprint:Warning: [Compiler ThirdPersonCharacter] Warning InputAction Event references unknown Action 'Pause' for  InputAction Pause
[2017.10.25-22.45.21:548][  0]LogBlueprint:Warning: [Compiler ThirdPersonCharacter] Warning InputAction Event references unknown Action 'Crouch' for  InputAction Crouch
[2017.10.25-22.45.21:548][  0]LogBlueprint:Warning: [Compiler ThirdPersonCharacter] Warning InputAction Event references unknown Action 'Aim' for  InputAction Aim
[2017.10.25-22.45.21:557][  0]LogBlueprint:Warning: [Compiler ThirdPersonCharacter] Warning Selected override setting on  Focal Region  in  ThirdPersonCharacter  is no longer a supported workflow and it is advised that you refactor your Blueprint to not use it!
[2017.10.25-22.45.21:557][  0]LogBlueprint:Warning: [Compiler ThirdPersonCharacter] Warning Selected override setting on  Focal Region  in  ThirdPersonCharacter  is no longer a supported workflow and it is advised that you refactor your Blueprint to not use it!
[2017.10.25-22.45.21:561][  0]LogBlueprint:Warning: [Compiler ThirdPersonCharacter] Warning [0030.37] Compile of ThirdPersonCharacter successful, but with 9 Warning(s) [in 28 ms] (/Game/ThirdPersonBP/Blueprints/ThirdPersonCharacter.ThirdPersonCharacter)
[2017.10.25-22.45.21:561][  0]LogBlueprint:Warning: [Compiler ThirdPersonCharacter] Warning [0030.37] Compile of ThirdPersonCharacter successful, but with 10 Warning(s) [in 0 ms] (/Game/ThirdPersonBP/Blueprints/ThirdPersonCharacter.ThirdPersonCharacter)
[2017.10.25-22.45.21:561][  0]LogBlueprint:Warning: [Compiler ThirdPersonCharacter] Warning [0030.37] Compile of ThirdPersonCharacter successful, but with 11 Warning(s) [in 0 ms] (/Game/ThirdPersonBP/Blueprints/ThirdPersonCharacter.ThirdPersonCharacter)
[2017.10.25-22.45.22:292][  0]LogAIModule: Creating AISystem for world ThirdPersonExampleMap
[2017.10.25-22.45.22:300][  0]LogScript:Warning: Accessed None trying to read property CallFunc_GetPlayerCharacter_ReturnValue
	Liane3rdAnim_C /Game/ThirdPersonBP/Maps/ThirdPersonExampleMap.ThirdPersonExampleMap:PersistentLevel.ThirdPersonCharacter_167.CharacterMesh0.Liane3rdAnim_C_0
	Function /Game/character/Liane3rdAnim.Liane3rdAnim_C:ExecuteUbergraph_Liane3rdAnim:0081
[2017.10.25-22.45.22:307][  0]LogEditorServer: Finished looking for orphan Actors (0.000 secs)
[2017.10.25-22.45.22:340][  0]Cmd: MAP CHECKDEP NOCLEARLOG
[2017.10.25-22.45.22:402][  0]MapCheck: Info Map check complete: 0 Error(s), 0 Warning(s), took 61.593ms to complete.
[2017.10.25-22.45.22:402][  0]LogFileHelpers: Loading map 'ThirdPersonExampleMap' took 1.802
[2017.10.25-22.45.22:553][  0]LogCollectionManager: Loaded 0 collections in 0.003573 seconds
[2017.10.25-22.45.22:645][  0]LogFileCache: Scanning file cache for directory 'C:/Users/Kaleb Nekumanesh/Desktop/ProjectLianeRepository/projectliane/projectliane/Saved/Collections/' took 0.01s
[2017.10.25-22.45.22:645][  0]LogFileCache: Scanning file cache for directory 'C:/Users/Kaleb Nekumanesh/Desktop/ProjectLianeRepository/projectliane/projectliane/Content/Developers/KalebNekumanesh/Collections/' took 0.01s
[2017.10.25-22.45.22:645][  0]LogFileCache: Scanning file cache for directory 'C:/Users/Kaleb Nekumanesh/Desktop/ProjectLianeRepository/projectliane/projectliane/Content/Collections/' took 0.01s
[2017.10.25-22.45.22:645][  0]LogCollectionManager: Rebuilt the GUID cache for 0 collections in 0.000002 seconds
[2017.10.25-22.45.22:655][  0]LogContentBrowser: Native class hierarchy populated in 0.0098 seconds. Added 2329 classes and 491 folders.
[2017.10.25-22.45.22:725][  0]LogContentBrowser: Native class hierarchy updated for 'WidgetCarousel' in 0.0007 seconds. Added 0 classes and 0 folders.
[2017.10.25-22.45.22:932][  0]LogContentBrowser: Native class hierarchy updated for 'AddContentDialog' in 0.0008 seconds. Added 0 classes and 0 folders.
[2017.10.25-22.45.22:976][  0]LogContentBrowser: Native class hierarchy updated for 'SceneOutliner' in 0.0007 seconds. Added 1 classes and 2 folders.
[2017.10.25-22.45.23:132][  0]LogCrashTracker: Crashtracker disabled due to settings.
[2017.10.25-22.45.24:673][  0]LogTemp: Executing iPhonePackager certificates Engine -bundlename com.YourCompany.projectliane
[2017.10.25-22.45.24:674][  0]LogTemp: CWD: C:\Program Files\Epic Games\UE_4.16\Engine\Binaries\DotNET\IOS
[2017.10.25-22.45.24:674][  0]LogTemp: Initial Dir: C:\Program Files\Epic Games\UE_4.16
[2017.10.25-22.45.24:674][  0]LogTemp: Env CWD: C:\Program Files\Epic Games\UE_4.16\Engine\Binaries\DotNET\IOS
[2017.10.25-22.45.24:674][  0]LogTemp: BranchPath = DESKTOP-7JDBQ6E/C/Program Files/Epic Games/UE_4.16/Engine/Binaries --- GameBranchPath = DESKTOP-7JDBQ6E/C/Program Files/Epic Games/UE_4.16/Engine/Binaries
[2017.10.25-22.45.24:674][  0]LogSlate: Only BGRA pngs, bmps or icos are supported in by External Image Picker
[2017.10.25-22.45.24:704][  0]LogTemp: IPP ERROR: Could not find provision directory 'C:\Users\Kaleb Nekumanesh\AppData\Local/Apple Computer/MobileDevice/Provisioning Profiles/'.
[2017.10.25-22.45.24:704][  0]LogSlate: Took 0.000373 seconds to synchronously load lazily loaded font '../../../Engine/Content/Slate/Fonts/Roboto-Regular.ttf' (155K)
[2017.10.25-22.45.24:715][  0]LogSlate: Took 0.001415 seconds to synchronously load lazily loaded font '../../../Engine/Content/Editor/Slate/Fonts/FontAwesome.ttf' (139K)
[2017.10.25-22.45.24:716][  0]LogSlate: Took 0.000439 seconds to synchronously load lazily loaded font '../../../Engine/Content/Slate/Fonts/Roboto-Bold.ttf' (160K)
[2017.10.25-22.45.24:793][  0]LogSlate: Took 0.001788 seconds to synchronously load lazily loaded font '../../../Engine/Content/Slate/Fonts/Roboto-Light.ttf' (159K)
[2017.10.25-22.45.24:899][  0]LogRenderer: Reallocating scene render targets to support 920x964 NumSamples 1 (Frame:1).
[2017.10.25-22.45.25:157][  0]LogUObjectGlobals:Warning: Failed to find object 'Class None.'
[2017.10.25-22.45.25:230][  0]LogContentBrowser: Native class hierarchy updated for 'HierarchicalLODOutliner' in 0.0006 seconds. Added 1 classes and 2 folders.
[2017.10.25-22.45.25:230][  0]LogLoad: (Engine Initialization) Total time: 34.04 seconds
[2017.10.25-22.45.25:230][  0]LogLoad: (Engine Initialization) Total Blueprint compile time: 0.50 seconds
[2017.10.25-22.45.25:230][  0]LogExternalProfiler: Found external profiler: VSPerf
[2017.10.25-22.45.25:230][  0]LogExternalProfiler: Using external profiler: VSPerf
[2017.10.25-22.45.25:571][  0]LogOcInput: OculusInput pre-init called
[2017.10.25-22.45.25:571][  0]LogHMD: Starting GearVRController plugin
[2017.10.25-22.45.25:633][  0]LogContentStreaming: Texture pool size now 3000 MB
[2017.10.25-22.45.26:587][  3]LogAssetRegistry: Asset discovery search completed in 20.5519 seconds
[2017.10.25-22.45.26:591][  3]LogCollectionManager: Rebuilt the object cache for 0 collections in 0.000000 seconds (found 0 objects)
[2017.10.25-22.45.26:591][  3]LogCollectionManager: Fixed up redirectors for 0 collections in 0.000064 seconds (updated 0 objects)
[2017.10.25-22.46.23:592][811]LogTemp: Repeting last play command: Selected Viewport
[2017.10.25-22.46.23:837][811]LogBlueprintUserMessages: Early PlayInEditor Detection: Level '/Game/ThirdPersonBP/Maps/ThirdPersonExampleMap.ThirdPersonExampleMap:PersistentLevel' has LevelScriptBlueprint '/Game/ThirdPersonBP/Maps/ThirdPersonExampleMap.ThirdPersonExampleMap:PersistentLevel.ThirdPersonExampleMap' with GeneratedClass '/Game/ThirdPersonBP/Maps/ThirdPersonExampleMap.ThirdPersonExampleMap_C' with ClassGeneratedBy '/Game/ThirdPersonBP/Maps/ThirdPersonExampleMap.ThirdPersonExampleMap:PersistentLevel.ThirdPersonExampleMap'
[2017.10.25-22.46.23:837][811]LogPlayLevel: PlayLevel: No blueprints needed recompiling
[2017.10.25-22.46.23:838][811]PIE: New page: PIE session: ThirdPersonExampleMap (Oct 25, 2017, 8:46:23 AM)
[2017.10.25-22.46.23:838][811]LogPlayLevel: Creating play world package: /Game/ThirdPersonBP/Maps/UEDPIE_0_ThirdPersonExampleMap
[2017.10.25-22.46.23:915][811]LogPlayLevel: PIE: StaticDuplicateObject took: (0.076795s)
[2017.10.25-22.46.23:916][811]LogAIModule: Creating AISystem for world ThirdPersonExampleMap
[2017.10.25-22.46.23:917][811]LogPlayLevel: PIE: World Init took: (0.001569s)
[2017.10.25-22.46.23:917][811]LogPlayLevel: PIE: Created PIE world by copying editor world from /Game/ThirdPersonBP/Maps/ThirdPersonExampleMap.ThirdPersonExampleMap to /Game/ThirdPersonBP/Maps/UEDPIE_0_ThirdPersonExampleMap.ThirdPersonExampleMap (0.078787s)
[2017.10.25-22.46.23:940][811]LogInit: XAudio2 using 'Speakers / Headphones (Realtek High Definition Audio)' : 2 channels at 48 kHz using 32 bits per sample (channel mask 0x3)
[2017.10.25-22.46.23:967][811]LogInit: FAudioDevice initialized.
[2017.10.25-22.46.24:028][811]LogLoad: Game class is 'ThirdPersonGameMode_C'
[2017.10.25-22.46.24:038][811]LogScript:Warning: Accessed None trying to read property CallFunc_GetPlayerCharacter_ReturnValue
	Liane3rdAnim_C /Game/ThirdPersonBP/Maps/UEDPIE_0_ThirdPersonExampleMap.ThirdPersonExampleMap:PersistentLevel.ThirdPersonCharacter_167.CharacterMesh0.Liane3rdAnim_C_0
	Function /Game/character/Liane3rdAnim.Liane3rdAnim_C:ExecuteUbergraph_Liane3rdAnim:0081
[2017.10.25-22.46.24:039][811]PIE:Error: Error Blueprint Runtime Error: Accessed None trying to read property CallFunc_GetPlayerCharacter_ReturnValue from function: 'ExecuteUbergraph_Liane3rdAnim' from node: Set PlayerSpeed in graph: EventGraph in object: Liane3rdAnim with description: Accessed None trying to read property CallFunc_GetPlayerCharacter_ReturnValue
[2017.10.25-22.46.24:040][811]LogWorld: Bringing World /Game/ThirdPersonBP/Maps/UEDPIE_0_ThirdPersonExampleMap.ThirdPersonExampleMap up for play (max tick rate 60) at 2017.10.25-15.46.24
[2017.10.25-22.46.24:041][811]LogWorld: Bringing up level for play took: 0.005599
[2017.10.25-22.46.24:103][811]LogContentBrowser: Native class hierarchy updated for 'MovieSceneCapture' in 0.0006 seconds. Added 11 classes and 0 folders.
[2017.10.25-22.46.24:105][811]PIE: Info Play in editor start time for /Game/ThirdPersonBP/Maps/UEDPIE_0_ThirdPersonExampleMap 0.195
[2017.10.25-22.46.24:105][811]LogBlueprintUserMessages: Late PlayInEditor Detection: Level '/Game/ThirdPersonBP/Maps/ThirdPersonExampleMap.ThirdPersonExampleMap:PersistentLevel' has LevelScriptBlueprint '/Game/ThirdPersonBP/Maps/ThirdPersonExampleMap.ThirdPersonExampleMap:PersistentLevel.ThirdPersonExampleMap' with GeneratedClass '/Game/ThirdPersonBP/Maps/ThirdPersonExampleMap.ThirdPersonExampleMap_C' with ClassGeneratedBy '/Game/ThirdPersonBP/Maps/ThirdPersonExampleMap.ThirdPersonExampleMap:PersistentLevel.ThirdPersonExampleMap'
[2017.10.25-22.46.42:973][857]LogBlueprintUserMessages: Early EndPlayMap Detection: Level '/Game/ThirdPersonBP/Maps/ThirdPersonExampleMap.ThirdPersonExampleMap:PersistentLevel' has LevelScriptBlueprint '/Game/ThirdPersonBP/Maps/ThirdPersonExampleMap.ThirdPersonExampleMap:PersistentLevel.ThirdPersonExampleMap' with GeneratedClass '/Game/ThirdPersonBP/Maps/ThirdPersonExampleMap.ThirdPersonExampleMap_C' with ClassGeneratedBy '/Game/ThirdPersonBP/Maps/ThirdPersonExampleMap.ThirdPersonExampleMap:PersistentLevel.ThirdPersonExampleMap'
[2017.10.25-22.46.43:021][857]LogBlueprintUserMessages: Late EndPlayMap Detection: Level '/Game/ThirdPersonBP/Maps/ThirdPersonExampleMap.ThirdPersonExampleMap:PersistentLevel' has LevelScriptBlueprint '/Game/ThirdPersonBP/Maps/ThirdPersonExampleMap.ThirdPersonExampleMap:PersistentLevel.ThirdPersonExampleMap' with GeneratedClass '/Game/ThirdPersonBP/Maps/ThirdPersonExampleMap.ThirdPersonExampleMap_C' with ClassGeneratedBy '/Game/ThirdPersonBP/Maps/ThirdPersonExampleMap.ThirdPersonExampleMap:PersistentLevel.ThirdPersonExampleMap'
[2017.10.25-22.47.00:349][793]LogMaterial: Missing cached shader map for material Topmat, compiling. 
[2017.10.25-22.47.00:399][793]LogMaterial: Missing cached shader map for material Shoesmat, compiling. 
[2017.10.25-22.47.00:478][793]LogMaterial: Missing cached shader map for material Hairmat, compiling. 
[2017.10.25-22.47.00:533][793]LogMaterial: Missing cached shader map for material Bodymat, compiling. 
[2017.10.25-22.47.00:576][793]LogMaterial: Missing cached shader map for material Eyewearmat, compiling. 
[2017.10.25-22.47.00:616][793]LogMaterial: Missing cached shader map for material Bodymat_eyelashes, compiling. 
[2017.10.25-22.47.00:655][793]LogMaterial: Missing cached shader map for material Bottommat, compiling. 
[2017.10.25-22.47.08:026][793]LogBlueprint:Warning: [Compiler THIRDREALDRESS] Warning InputAction Event references unknown Action 'Jump' for  InputAction Jump
[2017.10.25-22.47.08:039][793]LogBlueprint:Warning: [Compiler THIRDREALDRESS] Warning [0136.85] Compile of THIRDREALDRESS successful, but with 1 Warning(s) [in 33 ms] (/Game/ThirdPersonBP/Blueprints/THIRDREALDRESS.THIRDREALDRESS)
[2017.10.25-22.47.08:039][793]LogBlueprint:Warning: [Compiler THIRDREALDRESS] Warning [0136.85] Compile of THIRDREALDRESS successful, but with 2 Warning(s) [in 0 ms] (/Game/ThirdPersonBP/Blueprints/THIRDREALDRESS.THIRDREALDRESS)
[2017.10.25-22.47.08:039][793]LogBlueprint:Warning: [Compiler THIRDREALDRESS] Warning [0136.85] Compile of THIRDREALDRESS successful, but with 3 Warning(s) [in 0 ms] (/Game/ThirdPersonBP/Blueprints/THIRDREALDRESS.THIRDREALDRESS)
[2017.10.25-22.47.08:065][793]LogBlueprint:Warning: [Compiler THIRDREALDRESS] Warning InputAction Event references unknown Action 'Jump' for  InputAction Jump
[2017.10.25-22.47.08:076][793]LogBlueprint:Warning: [Compiler THIRDREALDRESS] Warning [0136.88] Compile of THIRDREALDRESS successful, but with 1 Warning(s) [in 31 ms] (/Game/ThirdPersonBP/Blueprints/THIRDREALDRESS.THIRDREALDRESS)
[2017.10.25-22.47.08:076][793]LogBlueprint:Warning: [Compiler THIRDREALDRESS] Warning [0136.88] Compile of THIRDREALDRESS successful, but with 2 Warning(s) [in 0 ms] (/Game/ThirdPersonBP/Blueprints/THIRDREALDRESS.THIRDREALDRESS)
[2017.10.25-22.47.08:076][793]LogBlueprint:Warning: [Compiler THIRDREALDRESS] Warning [0136.88] Compile of THIRDREALDRESS successful, but with 3 Warning(s) [in 0 ms] (/Game/ThirdPersonBP/Blueprints/THIRDREALDRESS.THIRDREALDRESS)
[2017.10.25-22.47.15:184][793]LogSlate: Took 0.000405 seconds to synchronously load lazily loaded font '../../../Engine/Content/Slate/Fonts/Roboto-Light.ttf' (159K)
[2017.10.25-22.47.19:860][938]LogScript:Warning: Accessed None trying to read property CallFunc_GetPlayerCharacter_ReturnValue
	Liane3rdAnim_C /Engine/Transient.World_6:PersistentLevel.SkeletalMeshActor_1.SkeletalMeshComponent0.Liane3rdAnim_C_0
	Function /Game/character/Liane3rdAnim.Liane3rdAnim_C:ExecuteUbergraph_Liane3rdAnim:0081
[2017.10.25-22.47.29:334][323]LogTemp: Repeting last play command: Selected Viewport
[2017.10.25-22.47.29:377][323]LogBlueprintUserMessages: Early PlayInEditor Detection: Level '/Game/ThirdPersonBP/Maps/ThirdPersonExampleMap.ThirdPersonExampleMap:PersistentLevel' has LevelScriptBlueprint '/Game/ThirdPersonBP/Maps/ThirdPersonExampleMap.ThirdPersonExampleMap:PersistentLevel.ThirdPersonExampleMap' with GeneratedClass '/Game/ThirdPersonBP/Maps/ThirdPersonExampleMap.ThirdPersonExampleMap_C' with ClassGeneratedBy '/Game/ThirdPersonBP/Maps/ThirdPersonExampleMap.ThirdPersonExampleMap:PersistentLevel.ThirdPersonExampleMap'
[2017.10.25-22.47.29:377][323]LogPlayLevel: PlayLevel: No blueprints needed recompiling
[2017.10.25-22.47.29:377][323]PIE: New page: PIE session: ThirdPersonExampleMap (Oct 25, 2017, 8:47:29 AM)
[2017.10.25-22.47.29:377][323]LogPlayLevel: Creating play world package: /Game/ThirdPersonBP/Maps/UEDPIE_0_ThirdPersonExampleMap
[2017.10.25-22.47.29:440][323]LogPlayLevel: PIE: StaticDuplicateObject took: (0.061762s)
[2017.10.25-22.47.29:441][323]LogAIModule: Creating AISystem for world ThirdPersonExampleMap
[2017.10.25-22.47.29:442][323]LogPlayLevel: PIE: World Init took: (0.002079s)
[2017.10.25-22.47.29:442][323]LogPlayLevel: PIE: Created PIE world by copying editor world from /Game/ThirdPersonBP/Maps/ThirdPersonExampleMap.ThirdPersonExampleMap to /Game/ThirdPersonBP/Maps/UEDPIE_0_ThirdPersonExampleMap.ThirdPersonExampleMap (0.064494s)
[2017.10.25-22.47.29:471][323]LogInit: XAudio2 using 'Speakers / Headphones (Realtek High Definition Audio)' : 2 channels at 48 kHz using 32 bits per sample (channel mask 0x3)
[2017.10.25-22.47.29:517][323]LogInit: FAudioDevice initialized.
[2017.10.25-22.47.29:565][323]LogLoad: Game class is 'ThirdPersonGameMode_C'
[2017.10.25-22.47.29:569][323]LogScript:Warning: Accessed None trying to read property CallFunc_GetPlayerCharacter_ReturnValue
	Liane3rdAnim_C /Game/ThirdPersonBP/Maps/UEDPIE_0_ThirdPersonExampleMap.ThirdPersonExampleMap:PersistentLevel.ThirdPersonCharacter_167.CharacterMesh0.Liane3rdAnim_C_0
	Function /Game/character/Liane3rdAnim.Liane3rdAnim_C:ExecuteUbergraph_Liane3rdAnim:0081
[2017.10.25-22.47.29:569][323]PIE:Error: Error Blueprint Runtime Error: Accessed None trying to read property CallFunc_GetPlayerCharacter_ReturnValue from function: 'ExecuteUbergraph_Liane3rdAnim' from node: Set PlayerSpeed in graph: EventGraph in object: Liane3rdAnim with description: Accessed None trying to read property CallFunc_GetPlayerCharacter_ReturnValue
[2017.10.25-22.47.29:571][323]LogWorld: Bringing World /Game/ThirdPersonBP/Maps/UEDPIE_0_ThirdPersonExampleMap.ThirdPersonExampleMap up for play (max tick rate 60) at 2017.10.25-15.47.29
[2017.10.25-22.47.29:572][323]LogWorld: Bringing up level for play took: 0.004977
[2017.10.25-22.47.29:574][323]PIE: Info Play in editor start time for /Game/ThirdPersonBP/Maps/UEDPIE_0_ThirdPersonExampleMap -0.335
[2017.10.25-22.47.29:575][323]LogBlueprintUserMessages: Late PlayInEditor Detection: Level '/Game/ThirdPersonBP/Maps/ThirdPersonExampleMap.ThirdPersonExampleMap:PersistentLevel' has LevelScriptBlueprint '/Game/ThirdPersonBP/Maps/ThirdPersonExampleMap.ThirdPersonExampleMap:PersistentLevel.ThirdPersonExampleMap' with GeneratedClass '/Game/ThirdPersonBP/Maps/ThirdPersonExampleMap.ThirdPersonExampleMap_C' with ClassGeneratedBy '/Game/ThirdPersonBP/Maps/ThirdPersonExampleMap.ThirdPersonExampleMap:PersistentLevel.ThirdPersonExampleMap'
[2017.10.25-22.47.44:659][ 99]LogBlueprintUserMessages: Early EndPlayMap Detection: Level '/Game/ThirdPersonBP/Maps/ThirdPersonExampleMap.ThirdPersonExampleMap:PersistentLevel' has LevelScriptBlueprint '/Game/ThirdPersonBP/Maps/ThirdPersonExampleMap.ThirdPersonExampleMap:PersistentLevel.ThirdPersonExampleMap' with GeneratedClass '/Game/ThirdPersonBP/Maps/ThirdPersonExampleMap.ThirdPersonExampleMap_C' with ClassGeneratedBy '/Game/ThirdPersonBP/Maps/ThirdPersonExampleMap.ThirdPersonExampleMap:PersistentLevel.ThirdPersonExampleMap'
[2017.10.25-22.47.44:700][ 99]LogBlueprintUserMessages: Late EndPlayMap Detection: Level '/Game/ThirdPersonBP/Maps/ThirdPersonExampleMap.ThirdPersonExampleMap:PersistentLevel' has LevelScriptBlueprint '/Game/ThirdPersonBP/Maps/ThirdPersonExampleMap.ThirdPersonExampleMap:PersistentLevel.ThirdPersonExampleMap' with GeneratedClass '/Game/ThirdPersonBP/Maps/ThirdPersonExampleMap.ThirdPersonExampleMap_C' with ClassGeneratedBy '/Game/ThirdPersonBP/Maps/ThirdPersonExampleMap.ThirdPersonExampleMap:PersistentLevel.ThirdPersonExampleMap'
[2017.10.25-22.53.15:441][168]LogUProjectInfo: Found projects:
[2017.10.25-22.53.23:971][342]Cmd: CLOSE_SLATE_MAINFRAME
[2017.10.25-22.53.24:500][343]Cmd: QUIT_EDITOR
[2017.10.25-22.53.25:466][343]LogWindowsTextInputMethodSystem:Display: IME system now deactivated.
[2017.10.25-22.53.25:488][343]LogExit: Preparing to exit.
[2017.10.25-22.53.26:556][343]LogDirectoryWatcher: A directory notification for 'C:/Users/Kaleb Nekumanesh/Desktop/ProjectLianeRepository/projectliane/projectliane/Content/' was aborted.
[2017.10.25-22.53.26:605][343]LogExit: Editor shut down
[2017.10.25-22.53.26:616][343]LogExit: Transaction tracking system shut down
[2017.10.25-22.53.26:732][343]LogObj: Freed 0b from 0 cluster array pools.
[2017.10.25-22.53.26:732][343]LogExit: Object subsystem successfully closed.
[2017.10.25-22.53.26:756][343]LogD3D11RHI: Shutdown
[2017.10.25-22.53.26:756][343]LogD3D11RHI: CleanupD3DDevice
[2017.10.25-22.53.26:933][343]LogD3D11RHI: ~FD3D11DynamicRHI
[2017.10.25-22.53.26:949][343]LogModuleManager: Shutting down and abandoning module MovieSceneCapture (528)
[2017.10.25-22.53.26:949][343]LogModuleManager: Shutting down and abandoning module HierarchicalLODOutliner (526)
[2017.10.25-22.53.26:949][343]LogModuleManager: Shutting down and abandoning module ExternalImagePicker (524)
[2017.10.25-22.53.26:949][343]LogModuleManager: Shutting down and abandoning module CrashTracker (522)
[2017.10.25-22.53.26:949][343]LogModuleManager: Shutting down and abandoning module SceneOutliner (520)
[2017.10.25-22.53.26:950][343]LogModuleManager: Shutting down and abandoning module AddContentDialog (518)
[2017.10.25-22.53.26:950][343]LogDirectoryWatcher: A directory notification for 'C:/Program Files/Epic Games/UE_4.16/FeaturePacks/' was aborted.
[2017.10.25-22.53.26:952][343]LogModuleManager: Shutting down and abandoning module WidgetCarousel (517)
[2017.10.25-22.53.26:952][343]LogModuleManager: Shutting down and abandoning module EditorWidgets (514)
[2017.10.25-22.53.26:952][343]LogModuleManager: Shutting down and abandoning module CollectionManager (512)
[2017.10.25-22.53.26:953][343]LogDirectoryWatcher: A directory notification for 'C:/Users/Kaleb Nekumanesh/Desktop/ProjectLianeRepository/projectliane/projectliane/Content/Collections/' was aborted.
[2017.10.25-22.53.26:953][343]LogDirectoryWatcher: A directory notification for 'C:/Users/Kaleb Nekumanesh/Desktop/ProjectLianeRepository/projectliane/projectliane/Content/Developers/KalebNekumanesh/Collections/' was aborted.
[2017.10.25-22.53.26:953][343]LogDirectoryWatcher: A directory notification for 'C:/Users/Kaleb Nekumanesh/Desktop/ProjectLianeRepository/projectliane/projectliane/Saved/Collections/' was aborted.
[2017.10.25-22.53.26:953][343]LogModuleManager: Shutting down and abandoning module StatsViewer (510)
[2017.10.25-22.53.26:953][343]LogModuleManager: Shutting down and abandoning module FoliageEdit (508)
[2017.10.25-22.53.26:953][343]LogModuleManager: Shutting down and abandoning module LandscapeEditor (506)
[2017.10.25-22.53.26:953][343]LogModuleManager: Shutting down and abandoning module MeshPaintMode (504)
[2017.10.25-22.53.26:953][343]LogModuleManager: Shutting down and abandoning module SceneDepthPickerMode (502)
[2017.10.25-22.53.26:953][343]LogModuleManager: Shutting down and abandoning module ActorPickerMode (500)
[2017.10.25-22.53.26:953][343]LogModuleManager: Shutting down and abandoning module GeometryMode (498)
[2017.10.25-22.53.26:953][343]LogModuleManager: Shutting down and abandoning module TextureAlignMode (496)
[2017.10.25-22.53.26:953][343]LogModuleManager: Shutting down and abandoning module BspMode (494)
[2017.10.25-22.53.26:953][343]LogModuleManager: Shutting down and abandoning module HardwareSurvey (492)
[2017.10.25-22.53.26:953][343]LogModuleManager: Shutting down and abandoning module SequenceRecorderSections (490)
[2017.10.25-22.53.26:953][343]LogModuleManager: Shutting down and abandoning module AutomationWorker (488)
[2017.10.25-22.53.26:953][343]LogModuleManager: Shutting down and abandoning module MatineeToLevelSequence (486)
[2017.10.25-22.53.26:953][343]LogModuleManager: Shutting down and abandoning module LevelSequenceEditor (484)
[2017.10.25-22.53.26:953][343]LogModuleManager: Shutting down and abandoning module PlacementMode (483)
[2017.10.25-22.53.26:953][343]LogModuleManager: Shutting down and abandoning module WmfMediaFactory (480)
[2017.10.25-22.53.26:953][343]LogModuleManager: Shutting down and abandoning module WmfMediaEditor (478)
[2017.10.25-22.53.26:953][343]LogModuleManager: Shutting down and abandoning module AvfMediaFactory (476)
[2017.10.25-22.53.26:953][343]LogModuleManager: Shutting down and abandoning module AvfMediaEditor (474)
[2017.10.25-22.53.26:953][343]LogModuleManager: Shutting down and abandoning module AndroidMediaFactory (472)
[2017.10.25-22.53.26:953][343]LogModuleManager: Shutting down and abandoning module Media (471)
[2017.10.25-22.53.26:953][343]LogModuleManager: Shutting down and abandoning module AndroidMediaEditor (468)
[2017.10.25-22.53.26:953][343]LogModuleManager: Shutting down and abandoning module CharacterAI (466)
[2017.10.25-22.53.26:953][343]LogModuleManager: Shutting down and abandoning module AudioCapture (464)
[2017.10.25-22.53.26:953][343]LogModuleManager: Shutting down and abandoning module SequenceRecorder (463)
[2017.10.25-22.53.26:953][343]LogModuleManager: Shutting down and abandoning module SmartSnapping (460)
[2017.10.25-22.53.26:953][343]LogModuleManager: Shutting down and abandoning module SessionServices (458)
[2017.10.25-22.53.26:953][343]LogModuleManager: Shutting down and abandoning module ViewportSnapping (456)
[2017.10.25-22.53.26:953][343]LogModuleManager: Shutting down and abandoning module ViewportInteraction (454)
[2017.10.25-22.53.26:953][343]LogModuleManager: Shutting down and abandoning module ClothPainter (452)
[2017.10.25-22.53.26:953][343]LogModuleManager: Shutting down and abandoning module LogVisualizer (450)
[2017.10.25-22.53.26:953][343]LogModuleManager: Shutting down and abandoning module IntroTutorials (448)
[2017.10.25-22.53.26:953][343]LogModuleManager: Shutting down and abandoning module GameProjectGeneration (447)
[2017.10.25-22.53.26:953][343]LogModuleManager: Shutting down and abandoning module EditorLiveStreaming (444)
[2017.10.25-22.53.26:953][343]LogModuleManager: Shutting down and abandoning module IOSPlatformEditor (442)
[2017.10.25-22.53.26:953][343]LogModuleManager: Shutting down and abandoning module HTML5PlatformEditor (440)
[2017.10.25-22.53.26:953][343]LogModuleManager: Shutting down and abandoning module AndroidPlatformEditor (438)
[2017.10.25-22.53.26:953][343]LogModuleManager: Shutting down and abandoning module AndroidDeviceDetection (437)
[2017.10.25-22.53.27:053][343]LogModuleManager: Shutting down and abandoning module IOSRuntimeSettings (434)
[2017.10.25-22.53.27:053][343]LogModuleManager: Shutting down and abandoning module AndroidRuntimeSettings (432)
[2017.10.25-22.53.27:053][343]LogModuleManager: Shutting down and abandoning module InputBindingEditor (430)
[2017.10.25-22.53.27:053][343]LogModuleManager: Shutting down and abandoning module MergeActors (428)
[2017.10.25-22.53.27:053][343]LogModuleManager: Shutting down and abandoning module SizeMap (426)
[2017.10.25-22.53.27:053][343]LogModuleManager: Shutting down and abandoning module TreeMap (424)
[2017.10.25-22.53.27:053][343]LogModuleManager: Shutting down and abandoning module ReferenceViewer (422)
[2017.10.25-22.53.27:053][343]LogModuleManager: Shutting down and abandoning module LocalizationDashboard (420)
[2017.10.25-22.53.27:053][343]LogModuleManager: Shutting down and abandoning module LocalizationService (419)
[2017.10.25-22.53.27:053][343]LogModuleManager: Shutting down and abandoning module HardwareTargeting (416)
[2017.10.25-22.53.27:053][343]LogModuleManager: Shutting down and abandoning module DeviceProfileEditor (414)
[2017.10.25-22.53.27:053][343]LogModuleManager: Shutting down and abandoning module UndoHistory (412)
[2017.10.25-22.53.27:053][343]LogModuleManager: Shutting down and abandoning module UserFeedback (410)
[2017.10.25-22.53.27:053][343]LogModuleManager: Shutting down and abandoning module XmlParser (408)
[2017.10.25-22.53.27:053][343]LogModuleManager: Shutting down and abandoning module Blutility (406)
[2017.10.25-22.53.27:053][343]LogModuleManager: Shutting down and abandoning module ProjectSettingsViewer (404)
[2017.10.25-22.53.27:053][343]LogModuleManager: Shutting down and abandoning module ProjectTargetPlatformEditor (403)
[2017.10.25-22.53.27:054][343]LogModuleManager: Shutting down and abandoning module EditorSettingsViewer (400)
[2017.10.25-22.53.27:054][343]LogModuleManager: Shutting down and abandoning module SettingsEditor (398)
[2017.10.25-22.53.27:054][343]LogModuleManager: Shutting down and abandoning module ProjectLauncher (396)
[2017.10.25-22.53.27:054][343]LogModuleManager: Shutting down and abandoning module SessionFrontend (394)
[2017.10.25-22.53.27:054][343]LogModuleManager: Shutting down and abandoning module ProfilerClient (392)
[2017.10.25-22.53.27:054][343]LogModuleManager: Shutting down and abandoning module DeviceManager (390)
[2017.10.25-22.53.27:054][343]LogModuleManager: Shutting down and abandoning module TargetDeviceServices (389)
[2017.10.25-22.53.27:118][343]LogModuleManager: Shutting down and abandoning module AutomationController (386)
[2017.10.25-22.53.27:118][343]LogModuleManager: Shutting down and abandoning module AutomationWindow (384)
[2017.10.25-22.53.27:118][343]LogModuleManager: Shutting down and abandoning module Layers (382)
[2017.10.25-22.53.27:118][343]LogModuleManager: Shutting down and abandoning module ComponentVisualizers (380)
[2017.10.25-22.53.27:118][343]LogModuleManager: Shutting down and abandoning module DetailCustomizations (378)
[2017.10.25-22.53.27:118][343]LogModuleManager: Shutting down and abandoning module PackagesDialog (376)
[2017.10.25-22.53.27:118][343]LogModuleManager: Shutting down and abandoning module Persona (374)
[2017.10.25-22.53.27:118][343]LogModuleManager: Shutting down and abandoning module AdvancedPreviewScene (373)
[2017.10.25-22.53.27:118][343]LogModuleManager: Shutting down and abandoning module AnimGraph (371)
[2017.10.25-22.53.27:118][343]LogModuleManager: Shutting down and abandoning module Kismet (368)
[2017.10.25-22.53.27:120][343]LogModuleManager: Shutting down and abandoning module ClassViewer (366)
[2017.10.25-22.53.27:120][343]LogModuleManager: Shutting down and abandoning module Toolbox (364)
[2017.10.25-22.53.27:120][343]LogModuleManager: Shutting down and abandoning module ModuleUI (362)
[2017.10.25-22.53.27:120][343]LogModuleManager: Shutting down and abandoning module MovieSceneTools (360)
[2017.10.25-22.53.27:120][343]LogModuleManager: Shutting down and abandoning module OutputLog (358)
[2017.10.25-22.53.27:120][343]LogModuleManager: Shutting down and abandoning module GammaUI (356)
[2017.10.25-22.53.27:120][343]LogModuleManager: Shutting down and abandoning module Documentation (354)
[2017.10.25-22.53.27:120][343]LogModuleManager: Shutting down and abandoning module MovieSceneTracks (352)
[2017.10.25-22.53.27:120][343]LogModuleManager: Shutting down and abandoning module MovieScene (350)
[2017.10.25-22.53.27:120][343]LogModuleManager: Shutting down and abandoning module Niagara (348)
[2017.10.25-22.53.27:120][343]LogModuleManager: Shutting down and abandoning module NiagaraEditor (347)
[2017.10.25-22.53.27:120][343]LogModuleManager: Shutting down and abandoning module StreamingPauseRendering (344)
[2017.10.25-22.53.27:120][343]LogModuleManager: Shutting down and abandoning module AnalyticsET (342)
[2017.10.25-22.53.27:120][343]LogModuleManager: Shutting down and abandoning module PortalServices (340)
[2017.10.25-22.53.27:120][343]LogModuleManager: Shutting down and abandoning module PortalRpc (338)
[2017.10.25-22.53.27:120][343]LogModuleManager: Shutting down and abandoning module MessagingRpc (336)
[2017.10.25-22.53.27:120][343]LogModuleManager: Shutting down and abandoning module AIModule (334)
[2017.10.25-22.53.27:120][343]LogModuleManager: Shutting down and abandoning module GameplayDebugger (333)
[2017.10.25-22.53.27:120][343]LogModuleManager: Shutting down and abandoning module AITestSuite (331)
[2017.10.25-22.53.27:120][343]LogModuleManager: Shutting down and abandoning module ProfilerService (328)
[2017.10.25-22.53.27:285][343]LogModuleManager: Shutting down and abandoning module TaskGraph (326)
[2017.10.25-22.53.27:285][343]LogModuleManager: Shutting down and abandoning module SteamVRController (324)
[2017.10.25-22.53.27:285][343]LogModuleManager: Shutting down and abandoning module SteamVR (322)
[2017.10.25-22.53.27:285][343]LogModuleManager: Shutting down and abandoning module ProceduralMeshComponentEditor (320)
[2017.10.25-22.53.27:285][343]LogModuleManager: Shutting down and abandoning module ProceduralMeshComponent (318)
[2017.10.25-22.53.27:285][343]LogModuleManager: Shutting down and abandoning module OculusLibrary (316)
[2017.10.25-22.53.27:285][343]LogModuleManager: Shutting down and abandoning module OculusInput (314)
[2017.10.25-22.53.27:285][343]LogModuleManager: Shutting down and abandoning module MobilePatchingUtils (312)
[2017.10.25-22.53.27:285][343]LogModuleManager: Shutting down and abandoning module CustomMeshComponent (310)
[2017.10.25-22.53.27:285][343]LogModuleManager: Shutting down and abandoning module CableComponent (308)
[2017.10.25-22.53.27:285][343]LogModuleManager: Shutting down and abandoning module ArchVisCharacter (306)
[2017.10.25-22.53.27:285][343]LogModuleManager: Shutting down and abandoning module AndroidPermission (304)
[2017.10.25-22.53.27:285][343]LogModuleManager: Shutting down and abandoning module MediaPlayerEditor (300)
[2017.10.25-22.53.27:285][343]LogModuleManager: Shutting down and abandoning module HTML5Networking (298)
[2017.10.25-22.53.27:285][343]LogModuleManager: Shutting down and abandoning module AlembicImporter (296)
[2017.10.25-22.53.27:285][343]LogModuleManager: Shutting down and abandoning module AlembicLibrary (295)
[2017.10.25-22.53.27:285][343]LogModuleManager: Shutting down and abandoning module GeometryCache (294)
[2017.10.25-22.53.27:285][343]LogModuleManager: Shutting down and abandoning module GeometryCacheEd (293)
[2017.10.25-22.53.27:285][343]LogModuleManager: Shutting down and abandoning module SuperSearchEditor (288)
[2017.10.25-22.53.27:285][343]LogModuleManager: Shutting down and abandoning module SuperSearch (287)
[2017.10.25-22.53.27:285][343]LogModuleManager: Shutting down and abandoning module SpeedTreeImporter (284)
[2017.10.25-22.53.27:285][343]LogModuleManager: Shutting down and abandoning module PluginBrowser (282)
[2017.10.25-22.53.27:286][343]LogModuleManager: Shutting down and abandoning module MobileLauncherProfileWizard (280)
[2017.10.25-22.53.27:286][343]LogModuleManager: Shutting down and abandoning module VisualStudioSourceCodeAccess (278)
[2017.10.25-22.53.27:286][343]LogModuleManager: Shutting down and abandoning module DesktopPlatform (277)
[2017.10.25-22.53.27:286][343]LogModuleManager: Shutting down and abandoning module UObjectPlugin (274)
[2017.10.25-22.53.27:286][343]LogModuleManager: Shutting down and abandoning module SubversionSourceControl (272)
[2017.10.25-22.53.27:286][343]LogModuleManager: Shutting down and abandoning module PerforceSourceControl (270)
[2017.10.25-22.53.27:286][343]LogModuleManager: Shutting down and abandoning module GitSourceControl (268)
[2017.10.25-22.53.27:286][343]LogModuleManager: Shutting down and abandoning module SourceControl (267)
[2017.10.25-22.53.27:286][343]LogModuleManager: Shutting down and abandoning module LightPropagationVolumeEditor (264)
[2017.10.25-22.53.27:286][343]LogModuleManager: Shutting down and abandoning module PaperTiledImporter (262)
[2017.10.25-22.53.27:286][343]LogModuleManager: Shutting down and abandoning module PaperSpriteSheetImporter (260)
[2017.10.25-22.53.27:286][343]LogModuleManager: Shutting down and abandoning module Paper2DEditor (258)
[2017.10.25-22.53.27:286][343]LogModuleManager: Shutting down and abandoning module MeshPaint (257)
[2017.10.25-22.53.27:286][343]LogModuleManager: Shutting down and abandoning module LevelEditor (255)
[2017.10.25-22.53.27:287][343]LogModuleManager: Shutting down and abandoning module PixelInspectorModule (254)
[2017.10.25-22.53.27:287][343]LogModuleManager: Shutting down and abandoning module MainFrame (252)
[2017.10.25-22.53.27:287][343]LogModuleManager: Shutting down and abandoning module HotReload (251)
[2017.10.25-22.53.27:287][343]LogModuleManager: Shutting down and abandoning module PhysXVehiclesEditor (246)
[2017.10.25-22.53.27:287][343]LogModuleManager: Shutting down and abandoning module PhysXVehicles (244)
[2017.10.25-22.53.27:287][343]LogModuleManager: Shutting down and abandoning module LocationServicesBPLibrary (242)
[2017.10.25-22.53.27:287][343]LogModuleManager: Shutting down and abandoning module ImmediatePhysicsEditor (240)
[2017.10.25-22.53.27:287][343]LogModuleManager: Shutting down and abandoning module ImmediatePhysics (238)
[2017.10.25-22.53.27:287][343]LogModuleManager: Shutting down and abandoning module UdpMessaging (236)
[2017.10.25-22.53.27:388][343]LogModuleManager: Shutting down and abandoning module TcpMessaging (234)
[2017.10.25-22.53.27:488][343]LogModuleManager: Shutting down and abandoning module GameplayTagsEditor (232)
[2017.10.25-22.53.27:488][343]LogModuleManager: Shutting down and abandoning module FacialAnimationEditor (230)
[2017.10.25-22.53.27:488][343]LogModuleManager: Shutting down and abandoning module FacialAnimation (228)
[2017.10.25-22.53.27:488][343]LogModuleManager: Shutting down and abandoning module AssetManagerEditor (226)
[2017.10.25-22.53.27:488][343]LogModuleManager: Shutting down and abandoning module GraphEditor (225)
[2017.10.25-22.53.27:488][343]LogModuleManager: Shutting down and abandoning module ContentBrowser (223)
[2017.10.25-22.53.27:489][343]LogModuleManager: Shutting down and abandoning module LightPropagationVolumeRuntime (220)
[2017.10.25-22.53.27:489][343]LogModuleManager: Shutting down and abandoning module Paper2D (218)
[2017.10.25-22.53.27:489][343]LogModuleManager: Shutting down and abandoning module WindowsMoviePlayer (216)
[2017.10.25-22.53.27:489][343]LogModuleManager: Shutting down and abandoning module WmfMedia (214)
[2017.10.25-22.53.27:489][343]LogModuleManager: Shutting down and abandoning module ClothingSystemEditor (212)
[2017.10.25-22.53.27:489][343]LogModuleManager: Shutting down and abandoning module ClothingSystemRuntime (210)
[2017.10.25-22.53.27:489][343]LogModuleManager: Shutting down and abandoning module MediaAssets (208)
[2017.10.25-22.53.27:489][343]LogModuleManager: Shutting down and abandoning module GameLiveStreaming (206)
[2017.10.25-22.53.27:489][343]LogModuleManager: Shutting down and abandoning module VREditor (204)
[2017.10.25-22.53.27:489][343]LogModuleManager: Shutting down and abandoning module StringTableEditor (202)
[2017.10.25-22.53.27:489][343]LogModuleManager: Shutting down and abandoning module GameplayTasksEditor (200)
[2017.10.25-22.53.27:489][343]LogModuleManager: Shutting down and abandoning module BehaviorTreeEditor (198)
[2017.10.25-22.53.27:489][343]LogModuleManager: Shutting down and abandoning module FunctionalTesting (196)
[2017.10.25-22.53.27:489][343]LogModuleManager: Shutting down and abandoning module CollisionAnalyzer (194)
[2017.10.25-22.53.27:489][343]LogModuleManager: Shutting down and abandoning module UMG (192)
[2017.10.25-22.53.27:489][343]LogModuleManager: Shutting down and abandoning module UMGEditor (191)
[2017.10.25-22.53.27:489][343]LogModuleManager: Shutting down and abandoning module Sequencer (190)
[2017.10.25-22.53.27:489][343]LogModuleManager: Shutting down and abandoning module AssetTools (188)
[2017.10.25-22.53.27:489][343]LogModuleManager: Shutting down and abandoning module MessageLog (187)
[2017.10.25-22.53.27:489][343]LogModuleManager: Shutting down and abandoning module WorkspaceMenuStructure (186)
[2017.10.25-22.53.27:489][343]LogModuleManager: Shutting down and abandoning module SlateReflector (180)
[2017.10.25-22.53.27:489][343]LogModuleManager: Shutting down and abandoning module Slate (178)
[2017.10.25-22.53.27:489][343]LogModuleManager: Shutting down and abandoning module EditorStyle (176)
[2017.10.25-22.53.27:493][343]LogModuleManager: Shutting down and abandoning module SourceCodeAccess (174)
[2017.10.25-22.53.27:493][343]LogModuleManager: Shutting down and abandoning module HeadMountedDisplay (172)
[2017.10.25-22.53.27:493][343]LogModuleManager: Shutting down and abandoning module XAudio2 (170)
[2017.10.25-22.53.27:493][343]LogModuleManager: Shutting down and abandoning module Networking (168)
[2017.10.25-22.53.27:493][343]LogModuleManager: Shutting down and abandoning module Core (164)
[2017.10.25-22.53.27:493][343]LogModuleManager: Shutting down and abandoning module AssetRegistry (162)
[2017.10.25-22.53.27:666][343]LogDirectoryWatcher: A directory notification for '../../../Engine/Content/' was aborted.
[2017.10.25-22.53.27:666][343]LogDirectoryWatcher: A directory notification for '../../../../../../Users/Kaleb Nekumanesh/Desktop/ProjectLianeRepository/projectliane/projectliane/Content/' was aborted.
[2017.10.25-22.53.27:666][343]LogDirectoryWatcher: A directory notification for '../../../Engine/Plugins/2D/Paper2D/Content/' was aborted.
[2017.10.25-22.53.27:666][343]LogDirectoryWatcher: A directory notification for '../../../Engine/Plugins/Runtime/GearVR/Content/' was aborted.
[2017.10.25-22.53.27:670][343]LogModuleManager: Shutting down and abandoning module DirectoryWatcher (161)
[2017.10.25-22.53.27:671][343]LogModuleManager: Shutting down and abandoning module KismetCompiler (158)
[2017.10.25-22.53.27:671][343]LogModuleManager: Shutting down and abandoning module LevelSequence (156)
[2017.10.25-22.53.27:671][343]LogModuleManager: Shutting down and abandoning module PhysXFormats (154)
[2017.10.25-22.53.27:671][343]LogModuleManager: Shutting down and abandoning module MeshUtilities (152)
[2017.10.25-22.53.27:671][343]LogModuleManager: Shutting down and abandoning module SimplygonSwarm (151)
[2017.10.25-22.53.27:671][343]LogModuleManager: Shutting down and abandoning module SimplygonMeshReduction (149)
[2017.10.25-22.53.27:671][343]LogModuleManager: Shutting down and abandoning module QuadricMeshReduction (147)
[2017.10.25-22.53.27:671][343]LogModuleManager: Shutting down and abandoning module DerivedDataCache (144)
[2017.10.25-22.53.27:712][343]LogDerivedDataCache: Shutdown
[2017.10.25-22.53.27:712][343]LogModuleManager: Shutting down and abandoning module TargetPlatform (142)
[2017.10.25-22.53.27:712][343]LogModuleManager: Shutting down and abandoning module VulkanShaderFormat (141)
[2017.10.25-22.53.27:712][343]LogModuleManager: Shutting down and abandoning module ShaderFormatVectorVM (139)
[2017.10.25-22.53.27:712][343]LogModuleManager: Shutting down and abandoning module ShaderFormatOpenGL (137)
[2017.10.25-22.53.27:712][343]LogModuleManager: Shutting down and abandoning module ShaderFormatD3D (135)
[2017.10.25-22.53.27:712][343]LogModuleManager: Shutting down and abandoning module MetalShaderFormat (133)
[2017.10.25-22.53.27:712][343]LogModuleManager: Shutting down and abandoning module TextureFormatUncompressed (131)
[2017.10.25-22.53.27:712][343]LogModuleManager: Shutting down and abandoning module TextureFormatPVR (129)
[2017.10.25-22.53.27:712][343]LogModuleManager: Shutting down and abandoning module TextureFormatDXT (127)
[2017.10.25-22.53.27:712][343]LogModuleManager: Shutting down and abandoning module TextureFormatIntelISPCTexComp (125)
[2017.10.25-22.53.27:712][343]LogModuleManager: Shutting down and abandoning module TextureFormatASTC (123)
[2017.10.25-22.53.27:712][343]LogModuleManager: Shutting down and abandoning module ImageWrapper (122)
[2017.10.25-22.53.27:712][343]LogModuleManager: Shutting down and abandoning module TextureFormatAndroid (119)
[2017.10.25-22.53.27:712][343]LogModuleManager: Shutting down and abandoning module AudioFormatOpus (117)
[2017.10.25-22.53.27:712][343]LogModuleManager: Shutting down and abandoning module AudioFormatOgg (115)
[2017.10.25-22.53.27:712][343]LogModuleManager: Shutting down and abandoning module AudioFormatADPCM (113)
[2017.10.25-22.53.27:712][343]LogModuleManager: Shutting down and abandoning module LinuxTargetPlatform (111)
[2017.10.25-22.53.27:712][343]LogModuleManager: Shutting down and abandoning module LinuxServerTargetPlatform (109)
[2017.10.25-22.53.27:712][343]LogModuleManager: Shutting down and abandoning module LinuxNoEditorTargetPlatform (107)
[2017.10.25-22.53.27:712][343]LogModuleManager: Shutting down and abandoning module LinuxClientTargetPlatform (105)
[2017.10.25-22.53.27:713][343]LogModuleManager: Shutting down and abandoning module TVOSTargetPlatform (103)
[2017.10.25-22.53.27:713][343]LogModuleManager: Shutting down and abandoning module Messaging (101)
[2017.10.25-22.53.27:713][343]LogModuleManager: Shutting down and abandoning module IOSTargetPlatform (99)
[2017.10.25-22.53.27:713][343]LogModuleManager: Shutting down and abandoning module HTML5TargetPlatform (97)
[2017.10.25-22.53.27:713][343]LogModuleManager: Shutting down and abandoning module Android_PVRTCTargetPlatform (95)
[2017.10.25-22.53.27:713][343]LogModuleManager: Shutting down and abandoning module Android_MultiTargetPlatform (93)
[2017.10.25-22.53.27:713][343]LogModuleManager: Shutting down and abandoning module Android_ETC2TargetPlatform (91)
[2017.10.25-22.53.27:713][343]LogModuleManager: Shutting down and abandoning module Android_ETC1TargetPlatform (89)
[2017.10.25-22.53.27:713][343]LogModuleManager: Shutting down and abandoning module Android_DXTTargetPlatform (87)
[2017.10.25-22.53.27:713][343]LogModuleManager: Shutting down and abandoning module Android_ATCTargetPlatform (85)
[2017.10.25-22.53.27:713][343]LogModuleManager: Shutting down and abandoning module Android_ASTCTargetPlatform (83)
[2017.10.25-22.53.27:713][343]LogModuleManager: Shutting down and abandoning module AndroidTargetPlatform (81)
[2017.10.25-22.53.27:713][343]LogModuleManager: Shutting down and abandoning module WindowsTargetPlatform (79)
[2017.10.25-22.53.27:713][343]LogModuleManager: Shutting down and abandoning module WindowsServerTargetPlatform (77)
[2017.10.25-22.53.27:713][343]LogModuleManager: Shutting down and abandoning module WindowsNoEditorTargetPlatform (75)
[2017.10.25-22.53.27:713][343]LogModuleManager: Shutting down and abandoning module WindowsClientTargetPlatform (73)
[2017.10.25-22.53.27:713][343]LogModuleManager: Shutting down and abandoning module MacTargetPlatform (71)
[2017.10.25-22.53.27:713][343]LogModuleManager: Shutting down and abandoning module MacServerTargetPlatform (69)
[2017.10.25-22.53.27:713][343]LogModuleManager: Shutting down and abandoning module MacNoEditorTargetPlatform (67)
[2017.10.25-22.53.27:713][343]LogModuleManager: Shutting down and abandoning module MacClientTargetPlatform (65)
[2017.10.25-22.53.27:713][343]LogModuleManager: Shutting down and abandoning module AllDesktopTargetPlatform (63)
[2017.10.25-22.53.27:713][343]LogModuleManager: Shutting down and abandoning module InputCore (60)
[2017.10.25-22.53.27:713][343]LogModuleManager: Shutting down and abandoning module Settings (58)
[2017.10.25-22.53.27:713][343]LogModuleManager: Shutting down and abandoning module OculusRift (56)
[2017.10.25-22.53.27:713][343]LogModuleManager: Shutting down and abandoning module GearVRController (54)
[2017.10.25-22.53.27:713][343]LogModuleManager: Shutting down and abandoning module GearVR (52)
[2017.10.25-22.53.27:713][343]LogModuleManager: Shutting down and abandoning module ExampleDeviceProfileSelector (50)
[2017.10.25-22.53.27:713][343]LogModuleManager: Shutting down and abandoning module OnlineBlueprintSupport (48)
[2017.10.25-22.53.27:713][343]LogModuleManager: Shutting down and abandoning module OnlineSubsystem (44)
[2017.10.25-22.53.27:713][343]LogOnline:Display: Unloading online subsystem: NULL
[2017.10.25-22.53.27:713][343]LogModuleManager: Shutting down and abandoning module XMPP (43)
[2017.10.25-22.53.27:713][343]LogModuleManager: Shutting down and abandoning module HTTP (41)
[2017.10.25-22.53.27:713][343]LogHttp:Display: Http module shutting down, but needs to wait on 1 outstanding Http requests:
[2017.10.25-22.53.27:713][343]LogHttp:Display: 	verb=[POST] url=[https://datarouter.ol.epicgames.com/datarouter/api/v1/public/data?SessionID=%7B9E4BD00D-4136-0BCD-9DA6-468D902D73C0%7D&AppID=UEEditor.Rocket.Release&AppVersion=4.16.3-3561208%2B%2B%2BUE4%2BRelease-4.16&UserID=18e965784d97c678996792bae70f3774%7C521353e2c68342e29f64fc6cef5255c8%7Cc68f23d3-4699-4b1e-a199-9e4fab33ba83&AppEnvironment=datacollector-binary&UploadType=eteventstream] status=Processing
[2017.10.25-22.53.27:738][343]LogModuleManager: Shutting down and abandoning module SSL (40)
[2017.10.25-22.53.27:739][343]LogModuleManager: Shutting down and abandoning module HTTPChunkInstaller (36)
[2017.10.25-22.53.27:739][343]LogModuleManager: Shutting down and abandoning module AnimationModifiers (34)
[2017.10.25-22.53.27:739][343]LogModuleManager: Shutting down and abandoning module PropertyEditor (33)
[2017.10.25-22.53.27:739][343]LogModuleManager: Shutting down and abandoning module AudioEditor (30)
[2017.10.25-22.53.27:739][343]LogModuleManager: Shutting down and abandoning module TextureCompressor (28)
[2017.10.25-22.53.27:739][343]LogModuleManager: Shutting down and abandoning module ShaderCore (26)
[2017.10.25-22.53.27:739][343]LogModuleManager: Shutting down and abandoning module Landscape (24)
[2017.10.25-22.53.27:739][343]LogModuleManager: Shutting down and abandoning module SlateRHIRenderer (22)
[2017.10.25-22.53.27:740][343]LogModuleManager: Shutting down and abandoning module OpenGLDrv (20)
[2017.10.25-22.53.27:740][343]LogModuleManager: Shutting down and abandoning module D3D11RHI (18)
[2017.10.25-22.53.27:740][343]LogModuleManager: Shutting down and abandoning module AnimGraphRuntime (16)
[2017.10.25-22.53.27:740][343]LogModuleManager: Shutting down and abandoning module Renderer (14)
[2017.10.25-22.53.27:740][343]LogModuleManager: Shutting down and abandoning module Engine (12)
[2017.10.25-22.53.27:740][343]LogModuleManager: Shutting down and abandoning module CoreUObject (10)
[2017.10.25-22.53.27:740][343]LogModuleManager: Shutting down and abandoning module NetworkFile (8)
[2017.10.25-22.53.27:740][343]LogModuleManager: Shutting down and abandoning module StreamingFile (6)
[2017.10.25-22.53.27:740][343]LogModuleManager: Shutting down and abandoning module SandboxFile (4)
[2017.10.25-22.53.27:740][343]LogModuleManager: Shutting down and abandoning module PakFile (2)
[2017.10.25-22.53.27:743][343]LogExit: Exiting.
[2017.10.25-22.53.27:761][343]Log file closed, 10/25/17 15:53:27
